This is pdfTeX, Version 3.1415926-2.5-1.40.14 (TeX Live 2013) (format=pdflatex 2014.4.14)  2 JUN 2015 15:25
entering extended mode
 restricted \write18 enabled.
 %&-line parsing enabled.
**ba.tex
(./ba.tex
LaTeX2e <2011/06/27>
Babel <3.9k> and hyphenation patterns for 78 languages loaded.

(/afs/tu-chemnitz.de/global/capp/TeXLive-2013/texmf-dist/tex/latex/base/report.
cls
Document Class: report 2007/10/19 v1.4h Standard LaTeX document class

(/afs/tu-chemnitz.de/global/capp/TeXLive-2013/texmf-dist/tex/latex/base/size11.
clo
File: size11.clo 2007/10/19 v1.4h Standard LaTeX file (size option)
)
\c@part=\count79
\c@chapter=\count80
\c@section=\count81
\c@subsection=\count82
\c@subsubsection=\count83
\c@paragraph=\count84
\c@subparagraph=\count85
\c@figure=\count86
\c@table=\count87
\abovecaptionskip=\skip41
\belowcaptionskip=\skip42
\bibindent=\dimen102
)
(/afs/tu-chemnitz.de/global/capp/TeXLive-2013/texmf-dist/tex/latex/base/inputen
c.sty
Package: inputenc 2008/03/30 v1.1d Input encoding file
\inpenc@prehook=\toks14
\inpenc@posthook=\toks15

(/afs/tu-chemnitz.de/global/capp/TeXLive-2013/texmf-dist/tex/latex/base/utf8.de
f
File: utf8.def 2008/04/05 v1.1m UTF-8 support for inputenc
Now handling font encoding OML ...
... no UTF-8 mapping file for font encoding OML
Now handling font encoding T1 ...
... processing UTF-8 mapping file for font encoding T1

(/afs/tu-chemnitz.de/global/capp/TeXLive-2013/texmf-dist/tex/latex/base/t1enc.d
fu
File: t1enc.dfu 2008/04/05 v1.1m UTF-8 support for inputenc
   defining Unicode char U+00A1 (decimal 161)
   defining Unicode char U+00A3 (decimal 163)
   defining Unicode char U+00AB (decimal 171)
   defining Unicode char U+00BB (decimal 187)
   defining Unicode char U+00BF (decimal 191)
   defining Unicode char U+00C0 (decimal 192)
   defining Unicode char U+00C1 (decimal 193)
   defining Unicode char U+00C2 (decimal 194)
   defining Unicode char U+00C3 (decimal 195)
   defining Unicode char U+00C4 (decimal 196)
   defining Unicode char U+00C5 (decimal 197)
   defining Unicode char U+00C6 (decimal 198)
   defining Unicode char U+00C7 (decimal 199)
   defining Unicode char U+00C8 (decimal 200)
   defining Unicode char U+00C9 (decimal 201)
   defining Unicode char U+00CA (decimal 202)
   defining Unicode char U+00CB (decimal 203)
   defining Unicode char U+00CC (decimal 204)
   defining Unicode char U+00CD (decimal 205)
   defining Unicode char U+00CE (decimal 206)
   defining Unicode char U+00CF (decimal 207)
   defining Unicode char U+00D0 (decimal 208)
   defining Unicode char U+00D1 (decimal 209)
   defining Unicode char U+00D2 (decimal 210)
   defining Unicode char U+00D3 (decimal 211)
   defining Unicode char U+00D4 (decimal 212)
   defining Unicode char U+00D5 (decimal 213)
   defining Unicode char U+00D6 (decimal 214)
   defining Unicode char U+00D8 (decimal 216)
   defining Unicode char U+00D9 (decimal 217)
   defining Unicode char U+00DA (decimal 218)
   defining Unicode char U+00DB (decimal 219)
   defining Unicode char U+00DC (decimal 220)
   defining Unicode char U+00DD (decimal 221)
   defining Unicode char U+00DE (decimal 222)
   defining Unicode char U+00DF (decimal 223)
   defining Unicode char U+00E0 (decimal 224)
   defining Unicode char U+00E1 (decimal 225)
   defining Unicode char U+00E2 (decimal 226)
   defining Unicode char U+00E3 (decimal 227)
   defining Unicode char U+00E4 (decimal 228)
   defining Unicode char U+00E5 (decimal 229)
   defining Unicode char U+00E6 (decimal 230)
   defining Unicode char U+00E7 (decimal 231)
   defining Unicode char U+00E8 (decimal 232)
   defining Unicode char U+00E9 (decimal 233)
   defining Unicode char U+00EA (decimal 234)
   defining Unicode char U+00EB (decimal 235)
   defining Unicode char U+00EC (decimal 236)
   defining Unicode char U+00ED (decimal 237)
   defining Unicode char U+00EE (decimal 238)
   defining Unicode char U+00EF (decimal 239)
   defining Unicode char U+00F0 (decimal 240)
   defining Unicode char U+00F1 (decimal 241)
   defining Unicode char U+00F2 (decimal 242)
   defining Unicode char U+00F3 (decimal 243)
   defining Unicode char U+00F4 (decimal 244)
   defining Unicode char U+00F5 (decimal 245)
   defining Unicode char U+00F6 (decimal 246)
   defining Unicode char U+00F8 (decimal 248)
   defining Unicode char U+00F9 (decimal 249)
   defining Unicode char U+00FA (decimal 250)
   defining Unicode char U+00FB (decimal 251)
   defining Unicode char U+00FC (decimal 252)
   defining Unicode char U+00FD (decimal 253)
   defining Unicode char U+00FE (decimal 254)
   defining Unicode char U+00FF (decimal 255)
   defining Unicode char U+0102 (decimal 258)
   defining Unicode char U+0103 (decimal 259)
   defining Unicode char U+0104 (decimal 260)
   defining Unicode char U+0105 (decimal 261)
   defining Unicode char U+0106 (decimal 262)
   defining Unicode char U+0107 (decimal 263)
   defining Unicode char U+010C (decimal 268)
   defining Unicode char U+010D (decimal 269)
   defining Unicode char U+010E (decimal 270)
   defining Unicode char U+010F (decimal 271)
   defining Unicode char U+0110 (decimal 272)
   defining Unicode char U+0111 (decimal 273)
   defining Unicode char U+0118 (decimal 280)
   defining Unicode char U+0119 (decimal 281)
   defining Unicode char U+011A (decimal 282)
   defining Unicode char U+011B (decimal 283)
   defining Unicode char U+011E (decimal 286)
   defining Unicode char U+011F (decimal 287)
   defining Unicode char U+0130 (decimal 304)
   defining Unicode char U+0131 (decimal 305)
   defining Unicode char U+0132 (decimal 306)
   defining Unicode char U+0133 (decimal 307)
   defining Unicode char U+0139 (decimal 313)
   defining Unicode char U+013A (decimal 314)
   defining Unicode char U+013D (decimal 317)
   defining Unicode char U+013E (decimal 318)
   defining Unicode char U+0141 (decimal 321)
   defining Unicode char U+0142 (decimal 322)
   defining Unicode char U+0143 (decimal 323)
   defining Unicode char U+0144 (decimal 324)
   defining Unicode char U+0147 (decimal 327)
   defining Unicode char U+0148 (decimal 328)
   defining Unicode char U+014A (decimal 330)
   defining Unicode char U+014B (decimal 331)
   defining Unicode char U+0150 (decimal 336)
   defining Unicode char U+0151 (decimal 337)
   defining Unicode char U+0152 (decimal 338)
   defining Unicode char U+0153 (decimal 339)
   defining Unicode char U+0154 (decimal 340)
   defining Unicode char U+0155 (decimal 341)
   defining Unicode char U+0158 (decimal 344)
   defining Unicode char U+0159 (decimal 345)
   defining Unicode char U+015A (decimal 346)
   defining Unicode char U+015B (decimal 347)
   defining Unicode char U+015E (decimal 350)
   defining Unicode char U+015F (decimal 351)
   defining Unicode char U+0160 (decimal 352)
   defining Unicode char U+0161 (decimal 353)
   defining Unicode char U+0162 (decimal 354)
   defining Unicode char U+0163 (decimal 355)
   defining Unicode char U+0164 (decimal 356)
   defining Unicode char U+0165 (decimal 357)
   defining Unicode char U+016E (decimal 366)
   defining Unicode char U+016F (decimal 367)
   defining Unicode char U+0170 (decimal 368)
   defining Unicode char U+0171 (decimal 369)
   defining Unicode char U+0178 (decimal 376)
   defining Unicode char U+0179 (decimal 377)
   defining Unicode char U+017A (decimal 378)
   defining Unicode char U+017B (decimal 379)
   defining Unicode char U+017C (decimal 380)
   defining Unicode char U+017D (decimal 381)
   defining Unicode char U+017E (decimal 382)
   defining Unicode char U+200C (decimal 8204)
   defining Unicode char U+2013 (decimal 8211)
   defining Unicode char U+2014 (decimal 8212)
   defining Unicode char U+2018 (decimal 8216)
   defining Unicode char U+2019 (decimal 8217)
   defining Unicode char U+201A (decimal 8218)
   defining Unicode char U+201C (decimal 8220)
   defining Unicode char U+201D (decimal 8221)
   defining Unicode char U+201E (decimal 8222)
   defining Unicode char U+2030 (decimal 8240)
   defining Unicode char U+2031 (decimal 8241)
   defining Unicode char U+2039 (decimal 8249)
   defining Unicode char U+203A (decimal 8250)
   defining Unicode char U+2423 (decimal 9251)
)
Now handling font encoding OT1 ...
... processing UTF-8 mapping file for font encoding OT1

(/afs/tu-chemnitz.de/global/capp/TeXLive-2013/texmf-dist/tex/latex/base/ot1enc.
dfu
File: ot1enc.dfu 2008/04/05 v1.1m UTF-8 support for inputenc
   defining Unicode char U+00A1 (decimal 161)
   defining Unicode char U+00A3 (decimal 163)
   defining Unicode char U+00B8 (decimal 184)
   defining Unicode char U+00BF (decimal 191)
   defining Unicode char U+00C5 (decimal 197)
   defining Unicode char U+00C6 (decimal 198)
   defining Unicode char U+00D8 (decimal 216)
   defining Unicode char U+00DF (decimal 223)
   defining Unicode char U+00E6 (decimal 230)
   defining Unicode char U+00EC (decimal 236)
   defining Unicode char U+00ED (decimal 237)
   defining Unicode char U+00EE (decimal 238)
   defining Unicode char U+00EF (decimal 239)
   defining Unicode char U+00F8 (decimal 248)
   defining Unicode char U+0131 (decimal 305)
   defining Unicode char U+0141 (decimal 321)
   defining Unicode char U+0142 (decimal 322)
   defining Unicode char U+0152 (decimal 338)
   defining Unicode char U+0153 (decimal 339)
   defining Unicode char U+2013 (decimal 8211)
   defining Unicode char U+2014 (decimal 8212)
   defining Unicode char U+2018 (decimal 8216)
   defining Unicode char U+2019 (decimal 8217)
   defining Unicode char U+201C (decimal 8220)
   defining Unicode char U+201D (decimal 8221)
)
Now handling font encoding OMS ...
... processing UTF-8 mapping file for font encoding OMS

(/afs/tu-chemnitz.de/global/capp/TeXLive-2013/texmf-dist/tex/latex/base/omsenc.
dfu
File: omsenc.dfu 2008/04/05 v1.1m UTF-8 support for inputenc
   defining Unicode char U+00A7 (decimal 167)
   defining Unicode char U+00B6 (decimal 182)
   defining Unicode char U+00B7 (decimal 183)
   defining Unicode char U+2020 (decimal 8224)
   defining Unicode char U+2021 (decimal 8225)
   defining Unicode char U+2022 (decimal 8226)
)
Now handling font encoding OMX ...
... no UTF-8 mapping file for font encoding OMX
Now handling font encoding U ...
... no UTF-8 mapping file for font encoding U
   defining Unicode char U+00A9 (decimal 169)
   defining Unicode char U+00AA (decimal 170)
   defining Unicode char U+00AE (decimal 174)
   defining Unicode char U+00BA (decimal 186)
   defining Unicode char U+02C6 (decimal 710)
   defining Unicode char U+02DC (decimal 732)
   defining Unicode char U+200C (decimal 8204)
   defining Unicode char U+2026 (decimal 8230)
   defining Unicode char U+2122 (decimal 8482)
   defining Unicode char U+2423 (decimal 9251)
))
(/afs/tu-chemnitz.de/global/capp/TeXLive-2013/texmf-dist/tex/latex/base/fontenc
.sty
Package: fontenc 2005/09/27 v1.99g Standard LaTeX package

(/afs/tu-chemnitz.de/global/capp/TeXLive-2013/texmf-dist/tex/latex/base/t1enc.d
ef
File: t1enc.def 2005/09/27 v1.99g Standard LaTeX file
LaTeX Font Info:    Redeclaring font encoding T1 on input line 43.
)
(/afs/tu-chemnitz.de/global/capp/TeXLive-2013/texmf-dist/tex/latex/cyrillic/ot2
enc.def
File: ot2enc.def 2001/08/11 v3.3a Cyrillic encoding definition file
Now handling font encoding OT2 ...
... processing UTF-8 mapping file for font encoding OT2

(/afs/tu-chemnitz.de/global/capp/TeXLive-2013/texmf-dist/tex/latex/base/ot2enc.
dfu
File: ot2enc.dfu 2008/04/05 v1.1m UTF-8 support for inputenc
   defining Unicode char U+00AB (decimal 171)
   defining Unicode char U+00BB (decimal 187)
   defining Unicode char U+0131 (decimal 305)
   defining Unicode char U+0400 (decimal 1024)
   defining Unicode char U+0401 (decimal 1025)
   defining Unicode char U+0402 (decimal 1026)
   defining Unicode char U+0403 (decimal 1027)
   defining Unicode char U+0404 (decimal 1028)
   defining Unicode char U+0405 (decimal 1029)
   defining Unicode char U+0406 (decimal 1030)
   defining Unicode char U+0408 (decimal 1032)
   defining Unicode char U+0409 (decimal 1033)
   defining Unicode char U+040A (decimal 1034)
   defining Unicode char U+040B (decimal 1035)
   defining Unicode char U+040C (decimal 1036)
   defining Unicode char U+040D (decimal 1037)
   defining Unicode char U+040F (decimal 1039)
   defining Unicode char U+0410 (decimal 1040)
   defining Unicode char U+0411 (decimal 1041)
   defining Unicode char U+0412 (decimal 1042)
   defining Unicode char U+0413 (decimal 1043)
   defining Unicode char U+0414 (decimal 1044)
   defining Unicode char U+0415 (decimal 1045)
   defining Unicode char U+0416 (decimal 1046)
   defining Unicode char U+0417 (decimal 1047)
   defining Unicode char U+0418 (decimal 1048)
   defining Unicode char U+0419 (decimal 1049)
   defining Unicode char U+041A (decimal 1050)
   defining Unicode char U+041B (decimal 1051)
   defining Unicode char U+041C (decimal 1052)
   defining Unicode char U+041D (decimal 1053)
   defining Unicode char U+041E (decimal 1054)
   defining Unicode char U+041F (decimal 1055)
   defining Unicode char U+0420 (decimal 1056)
   defining Unicode char U+0421 (decimal 1057)
   defining Unicode char U+0422 (decimal 1058)
   defining Unicode char U+0423 (decimal 1059)
   defining Unicode char U+0424 (decimal 1060)
   defining Unicode char U+0425 (decimal 1061)
   defining Unicode char U+0426 (decimal 1062)
   defining Unicode char U+0427 (decimal 1063)
   defining Unicode char U+0428 (decimal 1064)
   defining Unicode char U+0429 (decimal 1065)
   defining Unicode char U+042A (decimal 1066)
   defining Unicode char U+042B (decimal 1067)
   defining Unicode char U+042C (decimal 1068)
   defining Unicode char U+042D (decimal 1069)
   defining Unicode char U+042E (decimal 1070)
   defining Unicode char U+042F (decimal 1071)
   defining Unicode char U+0430 (decimal 1072)
   defining Unicode char U+0431 (decimal 1073)
   defining Unicode char U+0432 (decimal 1074)
   defining Unicode char U+0433 (decimal 1075)
   defining Unicode char U+0434 (decimal 1076)
   defining Unicode char U+0435 (decimal 1077)
   defining Unicode char U+0436 (decimal 1078)
   defining Unicode char U+0437 (decimal 1079)
   defining Unicode char U+0438 (decimal 1080)
   defining Unicode char U+0439 (decimal 1081)
   defining Unicode char U+043A (decimal 1082)
   defining Unicode char U+043B (decimal 1083)
   defining Unicode char U+043C (decimal 1084)
   defining Unicode char U+043D (decimal 1085)
   defining Unicode char U+043E (decimal 1086)
   defining Unicode char U+043F (decimal 1087)
   defining Unicode char U+0440 (decimal 1088)
   defining Unicode char U+0441 (decimal 1089)
   defining Unicode char U+0442 (decimal 1090)
   defining Unicode char U+0443 (decimal 1091)
   defining Unicode char U+0444 (decimal 1092)
   defining Unicode char U+0445 (decimal 1093)
   defining Unicode char U+0446 (decimal 1094)
   defining Unicode char U+0447 (decimal 1095)
   defining Unicode char U+0448 (decimal 1096)
   defining Unicode char U+0449 (decimal 1097)
   defining Unicode char U+044A (decimal 1098)
   defining Unicode char U+044B (decimal 1099)
   defining Unicode char U+044C (decimal 1100)
   defining Unicode char U+044D (decimal 1101)
   defining Unicode char U+044E (decimal 1102)
   defining Unicode char U+044F (decimal 1103)
   defining Unicode char U+0450 (decimal 1104)
   defining Unicode char U+0451 (decimal 1105)
   defining Unicode char U+0452 (decimal 1106)
   defining Unicode char U+0453 (decimal 1107)
   defining Unicode char U+0454 (decimal 1108)
   defining Unicode char U+0455 (decimal 1109)
   defining Unicode char U+0456 (decimal 1110)
   defining Unicode char U+0458 (decimal 1112)
   defining Unicode char U+0459 (decimal 1113)
   defining Unicode char U+045A (decimal 1114)
   defining Unicode char U+045B (decimal 1115)
   defining Unicode char U+045C (decimal 1116)
   defining Unicode char U+045D (decimal 1117)
   defining Unicode char U+045F (decimal 1119)
   defining Unicode char U+0462 (decimal 1122)
   defining Unicode char U+0463 (decimal 1123)
   defining Unicode char U+0472 (decimal 1138)
   defining Unicode char U+0473 (decimal 1139)
   defining Unicode char U+0474 (decimal 1140)
   defining Unicode char U+0475 (decimal 1141)
   defining Unicode char U+04C1 (decimal 1217)
   defining Unicode char U+04C2 (decimal 1218)
   defining Unicode char U+04D0 (decimal 1232)
   defining Unicode char U+04D1 (decimal 1233)
   defining Unicode char U+04D2 (decimal 1234)
   defining Unicode char U+04D3 (decimal 1235)
   defining Unicode char U+04D6 (decimal 1238)
   defining Unicode char U+04D7 (decimal 1239)
   defining Unicode char U+04DC (decimal 1244)
   defining Unicode char U+04DD (decimal 1245)
   defining Unicode char U+04DE (decimal 1246)
   defining Unicode char U+04DF (decimal 1247)
   defining Unicode char U+04E2 (decimal 1250)
   defining Unicode char U+04E3 (decimal 1251)
   defining Unicode char U+04E4 (decimal 1252)
   defining Unicode char U+04E5 (decimal 1253)
   defining Unicode char U+04E6 (decimal 1254)
   defining Unicode char U+04E7 (decimal 1255)
   defining Unicode char U+04EC (decimal 1260)
   defining Unicode char U+04ED (decimal 1261)
   defining Unicode char U+04EE (decimal 1262)
   defining Unicode char U+04EF (decimal 1263)
   defining Unicode char U+04F0 (decimal 1264)
   defining Unicode char U+04F1 (decimal 1265)
   defining Unicode char U+04F2 (decimal 1266)
   defining Unicode char U+04F3 (decimal 1267)
   defining Unicode char U+04F4 (decimal 1268)
   defining Unicode char U+04F5 (decimal 1269)
   defining Unicode char U+04F8 (decimal 1272)
   defining Unicode char U+04F9 (decimal 1273)
   defining Unicode char U+2013 (decimal 8211)
   defining Unicode char U+2014 (decimal 8212)
   defining Unicode char U+2018 (decimal 8216)
   defining Unicode char U+2019 (decimal 8217)
   defining Unicode char U+201C (decimal 8220)
   defining Unicode char U+201D (decimal 8221)
   defining Unicode char U+2116 (decimal 8470)
))
(/afs/tu-chemnitz.de/global/capp/TeXLive-2013/texmf-dist/tex/latex/base/t1enc.d
ef
File: t1enc.def 2005/09/27 v1.99g Standard LaTeX file
LaTeX Font Info:    Redeclaring font encoding T1 on input line 43.
))
(/afs/tu-chemnitz.de/global/capp/TeXLive-2013/texmf-dist/tex/latex/lm/lmodern.s
ty
Package: lmodern 2009/10/30 v1.6 Latin Modern Fonts
LaTeX Font Info:    Overwriting symbol font `operators' in version `normal'
(Font)                  OT1/cmr/m/n --> OT1/lmr/m/n on input line 22.
LaTeX Font Info:    Overwriting symbol font `letters' in version `normal'
(Font)                  OML/cmm/m/it --> OML/lmm/m/it on input line 23.
LaTeX Font Info:    Overwriting symbol font `symbols' in version `normal'
(Font)                  OMS/cmsy/m/n --> OMS/lmsy/m/n on input line 24.
LaTeX Font Info:    Overwriting symbol font `largesymbols' in version `normal'
(Font)                  OMX/cmex/m/n --> OMX/lmex/m/n on input line 25.
LaTeX Font Info:    Overwriting symbol font `operators' in version `bold'
(Font)                  OT1/cmr/bx/n --> OT1/lmr/bx/n on input line 26.
LaTeX Font Info:    Overwriting symbol font `letters' in version `bold'
(Font)                  OML/cmm/b/it --> OML/lmm/b/it on input line 27.
LaTeX Font Info:    Overwriting symbol font `symbols' in version `bold'
(Font)                  OMS/cmsy/b/n --> OMS/lmsy/b/n on input line 28.
LaTeX Font Info:    Overwriting symbol font `largesymbols' in version `bold'
(Font)                  OMX/cmex/m/n --> OMX/lmex/m/n on input line 29.
LaTeX Font Info:    Overwriting math alphabet `\mathbf' in version `normal'
(Font)                  OT1/cmr/bx/n --> OT1/lmr/bx/n on input line 31.
LaTeX Font Info:    Overwriting math alphabet `\mathsf' in version `normal'
(Font)                  OT1/cmss/m/n --> OT1/lmss/m/n on input line 32.
LaTeX Font Info:    Overwriting math alphabet `\mathit' in version `normal'
(Font)                  OT1/cmr/m/it --> OT1/lmr/m/it on input line 33.
LaTeX Font Info:    Overwriting math alphabet `\mathtt' in version `normal'
(Font)                  OT1/cmtt/m/n --> OT1/lmtt/m/n on input line 34.
LaTeX Font Info:    Overwriting math alphabet `\mathbf' in version `bold'
(Font)                  OT1/cmr/bx/n --> OT1/lmr/bx/n on input line 35.
LaTeX Font Info:    Overwriting math alphabet `\mathsf' in version `bold'
(Font)                  OT1/cmss/bx/n --> OT1/lmss/bx/n on input line 36.
LaTeX Font Info:    Overwriting math alphabet `\mathit' in version `bold'
(Font)                  OT1/cmr/bx/it --> OT1/lmr/bx/it on input line 37.
LaTeX Font Info:    Overwriting math alphabet `\mathtt' in version `bold'
(Font)                  OT1/cmtt/m/n --> OT1/lmtt/m/n on input line 38.
)
(/afs/tu-chemnitz.de/global/capp/TeXLive-2013/texmf-dist/tex/latex/parskip/pars
kip.sty
Package: parskip 2001/04/09 non-zero parskip adjustments
)
(/afs/tu-chemnitz.de/global/capp/TeXLive-2013/texmf-dist/tex/latex/a4wide/a4wid
e.sty
Package: a4wide 1994/08/30

(/afs/tu-chemnitz.de/global/capp/TeXLive-2013/texmf-dist/tex/latex/ntgclass/a4.
sty
Package: a4 2004/04/15 v1.2g A4 based page layout
))
(/afs/tu-chemnitz.de/global/capp/TeXLive-2013/texmf-dist/tex/latex/tools/tabula
rx.sty
Package: tabularx 1999/01/07 v2.07 `tabularx' package (DPC)

(/afs/tu-chemnitz.de/global/capp/TeXLive-2013/texmf-dist/tex/latex/tools/array.
sty
Package: array 2008/09/09 v2.4c Tabular extension package (FMi)
\col@sep=\dimen103
\extrarowheight=\dimen104
\NC@list=\toks16
\extratabsurround=\skip43
\backup@length=\skip44
)
\TX@col@width=\dimen105
\TX@old@table=\dimen106
\TX@old@col=\dimen107
\TX@target=\dimen108
\TX@delta=\dimen109
\TX@cols=\count88
\TX@ftn=\toks17
)
(/afs/tu-chemnitz.de/global/capp/TeXLive-2013/texmf-dist/tex/latex/graphics/gra
phicx.sty
Package: graphicx 1999/02/16 v1.0f Enhanced LaTeX Graphics (DPC,SPQR)

(/afs/tu-chemnitz.de/global/capp/TeXLive-2013/texmf-dist/tex/latex/graphics/key
val.sty
Package: keyval 1999/03/16 v1.13 key=value parser (DPC)
\KV@toks@=\toks18
)
(/afs/tu-chemnitz.de/global/capp/TeXLive-2013/texmf-dist/tex/latex/graphics/gra
phics.sty
Package: graphics 2009/02/05 v1.0o Standard LaTeX Graphics (DPC,SPQR)

(/afs/tu-chemnitz.de/global/capp/TeXLive-2013/texmf-dist/tex/latex/graphics/tri
g.sty
Package: trig 1999/03/16 v1.09 sin cos tan (DPC)
)
(/afs/tu-chemnitz.de/global/capp/TeXLive-2013/texmf-dist/tex/latex/latexconfig/
graphics.cfg
File: graphics.cfg 2010/04/23 v1.9 graphics configuration of TeX Live
)
Package graphics Info: Driver file: pdftex.def on input line 91.

(/afs/tu-chemnitz.de/global/capp/TeXLive-2013/texmf-dist/tex/latex/pdftex-def/p
dftex.def
File: pdftex.def 2011/05/27 v0.06d Graphics/color for pdfTeX

(/afs/tu-chemnitz.de/global/capp/TeXLive-2013/texmf-dist/tex/generic/oberdiek/i
nfwarerr.sty
Package: infwarerr 2010/04/08 v1.3 Providing info/warning/error messages (HO)
)
(/afs/tu-chemnitz.de/global/capp/TeXLive-2013/texmf-dist/tex/generic/oberdiek/l
txcmds.sty
Package: ltxcmds 2011/11/09 v1.22 LaTeX kernel commands for general use (HO)
)
\Gread@gobject=\count89
))
\Gin@req@height=\dimen110
\Gin@req@width=\dimen111
)
(/afs/tu-chemnitz.de/global/capp/TeXLive-2013/texmf-dist/tex/latex/url/url.sty
\Urlmuskip=\muskip10
Package: url 2013/09/16  ver 3.4  Verb mode for urls, etc.
)
(/afs/tu-chemnitz.de/global/capp/TeXLive-2013/texmf-dist/tex/latex/base/textcom
p.sty
Package: textcomp 2005/09/27 v1.99g Standard LaTeX package
Package textcomp Info: Sub-encoding information:
(textcomp)               5 = only ISO-Adobe without \textcurrency
(textcomp)               4 = 5 + \texteuro
(textcomp)               3 = 4 + \textohm
(textcomp)               2 = 3 + \textestimated + \textcurrency
(textcomp)               1 = TS1 - \textcircled - \t
(textcomp)               0 = TS1 (full)
(textcomp)             Font families with sub-encoding setting implement
(textcomp)             only a restricted character set as indicated.
(textcomp)             Family '?' is the default used for unknown fonts.
(textcomp)             See the documentation for details.
Package textcomp Info: Setting ? sub-encoding to TS1/1 on input line 71.

(/afs/tu-chemnitz.de/global/capp/TeXLive-2013/texmf-dist/tex/latex/base/ts1enc.
def
File: ts1enc.def 2001/06/05 v3.0e (jk/car/fm) Standard LaTeX file
Now handling font encoding TS1 ...
... processing UTF-8 mapping file for font encoding TS1

(/afs/tu-chemnitz.de/global/capp/TeXLive-2013/texmf-dist/tex/latex/base/ts1enc.
dfu
File: ts1enc.dfu 2008/04/05 v1.1m UTF-8 support for inputenc
   defining Unicode char U+00A2 (decimal 162)
   defining Unicode char U+00A3 (decimal 163)
   defining Unicode char U+00A4 (decimal 164)
   defining Unicode char U+00A5 (decimal 165)
   defining Unicode char U+00A6 (decimal 166)
   defining Unicode char U+00A7 (decimal 167)
   defining Unicode char U+00A8 (decimal 168)
   defining Unicode char U+00A9 (decimal 169)
   defining Unicode char U+00AA (decimal 170)
   defining Unicode char U+00AC (decimal 172)
   defining Unicode char U+00AE (decimal 174)
   defining Unicode char U+00AF (decimal 175)
   defining Unicode char U+00B0 (decimal 176)
   defining Unicode char U+00B1 (decimal 177)
   defining Unicode char U+00B2 (decimal 178)
   defining Unicode char U+00B3 (decimal 179)
   defining Unicode char U+00B4 (decimal 180)
   defining Unicode char U+00B5 (decimal 181)
   defining Unicode char U+00B6 (decimal 182)
   defining Unicode char U+00B7 (decimal 183)
   defining Unicode char U+00B9 (decimal 185)
   defining Unicode char U+00BA (decimal 186)
   defining Unicode char U+00BC (decimal 188)
   defining Unicode char U+00BD (decimal 189)
   defining Unicode char U+00BE (decimal 190)
   defining Unicode char U+00D7 (decimal 215)
   defining Unicode char U+00F7 (decimal 247)
   defining Unicode char U+0192 (decimal 402)
   defining Unicode char U+02C7 (decimal 711)
   defining Unicode char U+02D8 (decimal 728)
   defining Unicode char U+02DD (decimal 733)
   defining Unicode char U+0E3F (decimal 3647)
   defining Unicode char U+2016 (decimal 8214)
   defining Unicode char U+2020 (decimal 8224)
   defining Unicode char U+2021 (decimal 8225)
   defining Unicode char U+2022 (decimal 8226)
   defining Unicode char U+2030 (decimal 8240)
   defining Unicode char U+2031 (decimal 8241)
   defining Unicode char U+203B (decimal 8251)
   defining Unicode char U+203D (decimal 8253)
   defining Unicode char U+2044 (decimal 8260)
   defining Unicode char U+204E (decimal 8270)
   defining Unicode char U+2052 (decimal 8274)
   defining Unicode char U+20A1 (decimal 8353)
   defining Unicode char U+20A4 (decimal 8356)
   defining Unicode char U+20A6 (decimal 8358)
   defining Unicode char U+20A9 (decimal 8361)
   defining Unicode char U+20AB (decimal 8363)
   defining Unicode char U+20AC (decimal 8364)
   defining Unicode char U+20B1 (decimal 8369)
   defining Unicode char U+2103 (decimal 8451)
   defining Unicode char U+2116 (decimal 8470)
   defining Unicode char U+2117 (decimal 8471)
   defining Unicode char U+211E (decimal 8478)
   defining Unicode char U+2120 (decimal 8480)
   defining Unicode char U+2122 (decimal 8482)
   defining Unicode char U+2126 (decimal 8486)
   defining Unicode char U+2127 (decimal 8487)
   defining Unicode char U+212E (decimal 8494)
   defining Unicode char U+2190 (decimal 8592)
   defining Unicode char U+2191 (decimal 8593)
   defining Unicode char U+2192 (decimal 8594)
   defining Unicode char U+2193 (decimal 8595)
   defining Unicode char U+2329 (decimal 9001)
   defining Unicode char U+232A (decimal 9002)
   defining Unicode char U+2422 (decimal 9250)
   defining Unicode char U+25E6 (decimal 9702)
   defining Unicode char U+25EF (decimal 9711)
   defining Unicode char U+266A (decimal 9834)
))
LaTeX Info: Redefining \oldstylenums on input line 266.
Package textcomp Info: Setting cmr sub-encoding to TS1/0 on input line 281.
Package textcomp Info: Setting cmss sub-encoding to TS1/0 on input line 282.
Package textcomp Info: Setting cmtt sub-encoding to TS1/0 on input line 283.
Package textcomp Info: Setting cmvtt sub-encoding to TS1/0 on input line 284.
Package textcomp Info: Setting cmbr sub-encoding to TS1/0 on input line 285.
Package textcomp Info: Setting cmtl sub-encoding to TS1/0 on input line 286.
Package textcomp Info: Setting ccr sub-encoding to TS1/0 on input line 287.
Package textcomp Info: Setting ptm sub-encoding to TS1/4 on input line 288.
Package textcomp Info: Setting pcr sub-encoding to TS1/4 on input line 289.
Package textcomp Info: Setting phv sub-encoding to TS1/4 on input line 290.
Package textcomp Info: Setting ppl sub-encoding to TS1/3 on input line 291.
Package textcomp Info: Setting pag sub-encoding to TS1/4 on input line 292.
Package textcomp Info: Setting pbk sub-encoding to TS1/4 on input line 293.
Package textcomp Info: Setting pnc sub-encoding to TS1/4 on input line 294.
Package textcomp Info: Setting pzc sub-encoding to TS1/4 on input line 295.
Package textcomp Info: Setting bch sub-encoding to TS1/4 on input line 296.
Package textcomp Info: Setting put sub-encoding to TS1/5 on input line 297.
Package textcomp Info: Setting uag sub-encoding to TS1/5 on input line 298.
Package textcomp Info: Setting ugq sub-encoding to TS1/5 on input line 299.
Package textcomp Info: Setting ul8 sub-encoding to TS1/4 on input line 300.
Package textcomp Info: Setting ul9 sub-encoding to TS1/4 on input line 301.
Package textcomp Info: Setting augie sub-encoding to TS1/5 on input line 302.
Package textcomp Info: Setting dayrom sub-encoding to TS1/3 on input line 303.
Package textcomp Info: Setting dayroms sub-encoding to TS1/3 on input line 304.

Package textcomp Info: Setting pxr sub-encoding to TS1/0 on input line 305.
Package textcomp Info: Setting pxss sub-encoding to TS1/0 on input line 306.
Package textcomp Info: Setting pxtt sub-encoding to TS1/0 on input line 307.
Package textcomp Info: Setting txr sub-encoding to TS1/0 on input line 308.
Package textcomp Info: Setting txss sub-encoding to TS1/0 on input line 309.
Package textcomp Info: Setting txtt sub-encoding to TS1/0 on input line 310.
Package textcomp Info: Setting lmr sub-encoding to TS1/0 on input line 311.
Package textcomp Info: Setting lmdh sub-encoding to TS1/0 on input line 312.
Package textcomp Info: Setting lmss sub-encoding to TS1/0 on input line 313.
Package textcomp Info: Setting lmssq sub-encoding to TS1/0 on input line 314.
Package textcomp Info: Setting lmvtt sub-encoding to TS1/0 on input line 315.
Package textcomp Info: Setting qhv sub-encoding to TS1/0 on input line 316.
Package textcomp Info: Setting qag sub-encoding to TS1/0 on input line 317.
Package textcomp Info: Setting qbk sub-encoding to TS1/0 on input line 318.
Package textcomp Info: Setting qcr sub-encoding to TS1/0 on input line 319.
Package textcomp Info: Setting qcs sub-encoding to TS1/0 on input line 320.
Package textcomp Info: Setting qpl sub-encoding to TS1/0 on input line 321.
Package textcomp Info: Setting qtm sub-encoding to TS1/0 on input line 322.
Package textcomp Info: Setting qzc sub-encoding to TS1/0 on input line 323.
Package textcomp Info: Setting qhvc sub-encoding to TS1/0 on input line 324.
Package textcomp Info: Setting futs sub-encoding to TS1/4 on input line 325.
Package textcomp Info: Setting futx sub-encoding to TS1/4 on input line 326.
Package textcomp Info: Setting futj sub-encoding to TS1/4 on input line 327.
Package textcomp Info: Setting hlh sub-encoding to TS1/3 on input line 328.
Package textcomp Info: Setting hls sub-encoding to TS1/3 on input line 329.
Package textcomp Info: Setting hlst sub-encoding to TS1/3 on input line 330.
Package textcomp Info: Setting hlct sub-encoding to TS1/5 on input line 331.
Package textcomp Info: Setting hlx sub-encoding to TS1/5 on input line 332.
Package textcomp Info: Setting hlce sub-encoding to TS1/5 on input line 333.
Package textcomp Info: Setting hlcn sub-encoding to TS1/5 on input line 334.
Package textcomp Info: Setting hlcw sub-encoding to TS1/5 on input line 335.
Package textcomp Info: Setting hlcf sub-encoding to TS1/5 on input line 336.
Package textcomp Info: Setting pplx sub-encoding to TS1/3 on input line 337.
Package textcomp Info: Setting pplj sub-encoding to TS1/3 on input line 338.
Package textcomp Info: Setting ptmx sub-encoding to TS1/4 on input line 339.
Package textcomp Info: Setting ptmj sub-encoding to TS1/4 on input line 340.
)
(/afs/tu-chemnitz.de/global/capp/TeXLive-2013/texmf-dist/tex/latex/amsrefs/text
cmds.sty
Package: textcmds 2012/08/02 v2.00
)
(/afs/tu-chemnitz.de/global/capp/TeXLive-2013/texmf-dist/tex/latex/units/units.
sty
Package: units 1998/08/04 v0.9b Typesetting units

(/afs/tu-chemnitz.de/global/capp/TeXLive-2013/texmf-dist/tex/latex/base/ifthen.
sty
Package: ifthen 2001/05/26 v1.1c Standard LaTeX ifthen package (DPC)
)
(/afs/tu-chemnitz.de/global/capp/TeXLive-2013/texmf-dist/tex/latex/units/nicefr
ac.sty
Package: nicefrac 1998/08/04 v0.9b Nice fractions
\L@UnitsRaiseDisplaystyle=\skip45
\L@UnitsRaiseTextstyle=\skip46
\L@UnitsRaiseScriptstyle=\skip47
))
(/afs/tu-chemnitz.de/global/capp/TeXLive-2013/texmf-dist/tex/latex/listings/lis
tings.sty
\lst@mode=\count90
\lst@gtempboxa=\box26
\lst@token=\toks19
\lst@length=\count91
\lst@currlwidth=\dimen112
\lst@column=\count92
\lst@pos=\count93
\lst@lostspace=\dimen113
\lst@width=\dimen114
\lst@newlines=\count94
\lst@lineno=\count95
\lst@maxwidth=\dimen115

(/afs/tu-chemnitz.de/global/capp/TeXLive-2013/texmf-dist/tex/latex/listings/lst
misc.sty
File: lstmisc.sty 2014/03/04 1.5c (Carsten Heinz)
\c@lstnumber=\count96
\lst@skipnumbers=\count97
\lst@framebox=\box27
)
(/afs/tu-chemnitz.de/global/capp/TeXLive-2013/texmf-dist/tex/latex/listings/lis
tings.cfg
File: listings.cfg 2014/03/04 1.5c listings configuration
))
Package: listings 2014/03/04 1.5c (Carsten Heinz)

(/afs/tu-chemnitz.de/global/capp/TeXLive-2013/texmf-dist/tex/latex/rotfloat/rot
float.sty
Package: rotfloat 2004/01/04 v1.2 Combining float+rotating package (AS)

(/afs/tu-chemnitz.de/global/capp/TeXLive-2013/texmf-dist/tex/latex/float/float.
sty
Package: float 2001/11/08 v1.3d Float enhancements (AL)
\c@float@type=\count98
\float@exts=\toks20
\float@box=\box28
\@float@everytoks=\toks21
\@floatcapt=\box29
)
(/afs/tu-chemnitz.de/global/capp/TeXLive-2013/texmf-dist/tex/latex/rotating/rot
ating.sty
Package: rotating 2009/03/28 v2.16a rotated objects in LaTeX
\c@r@tfl@t=\count99
\rotFPtop=\skip48
\rotFPbot=\skip49
\rot@float@box=\box30
\rot@mess@toks=\toks22
)
Package rotfloat Info: float package v1.3 detected on input line 74.
)
(/afs/tu-chemnitz.de/global/capp/TeXLive-2013/texmf-dist/tex/latex/hyperref/hyp
erref.sty
Package: hyperref 2012/11/06 v6.83m Hypertext links for LaTeX

(/afs/tu-chemnitz.de/global/capp/TeXLive-2013/texmf-dist/tex/generic/oberdiek/h
obsub-hyperref.sty
Package: hobsub-hyperref 2012/05/28 v1.13 Bundle oberdiek, subset hyperref (HO)


(/afs/tu-chemnitz.de/global/capp/TeXLive-2013/texmf-dist/tex/generic/oberdiek/h
obsub-generic.sty
Package: hobsub-generic 2012/05/28 v1.13 Bundle oberdiek, subset generic (HO)
Package: hobsub 2012/05/28 v1.13 Construct package bundles (HO)
Package hobsub Info: Skipping package `infwarerr' (already loaded).
Package hobsub Info: Skipping package `ltxcmds' (already loaded).
Package: ifluatex 2010/03/01 v1.3 Provides the ifluatex switch (HO)
Package ifluatex Info: LuaTeX not detected.
Package: ifvtex 2010/03/01 v1.5 Detect VTeX and its facilities (HO)
Package ifvtex Info: VTeX not detected.
Package: intcalc 2007/09/27 v1.1 Expandable calculations with integers (HO)
Package: ifpdf 2011/01/30 v2.3 Provides the ifpdf switch (HO)
Package ifpdf Info: pdfTeX in PDF mode is detected.
Package: etexcmds 2011/02/16 v1.5 Avoid name clashes with e-TeX commands (HO)
Package etexcmds Info: Could not find \expanded.
(etexcmds)             That can mean that you are not using pdfTeX 1.50 or
(etexcmds)             that some package has redefined \expanded.
(etexcmds)             In the latter case, load this package earlier.
Package: kvsetkeys 2012/04/25 v1.16 Key value parser (HO)
Package: kvdefinekeys 2011/04/07 v1.3 Define keys (HO)
Package: pdftexcmds 2011/11/29 v0.20 Utility functions of pdfTeX for LuaTeX (HO
)
Package pdftexcmds Info: LuaTeX not detected.
Package pdftexcmds Info: \pdf@primitive is available.
Package pdftexcmds Info: \pdf@ifprimitive is available.
Package pdftexcmds Info: \pdfdraftmode found.
Package: pdfescape 2011/11/25 v1.13 Implements pdfTeX's escape features (HO)
Package: bigintcalc 2012/04/08 v1.3 Expandable calculations on big integers (HO
)
Package: bitset 2011/01/30 v1.1 Handle bit-vector datatype (HO)
Package: uniquecounter 2011/01/30 v1.2 Provide unlimited unique counter (HO)
)
Package hobsub Info: Skipping package `hobsub' (already loaded).
Package: letltxmacro 2010/09/02 v1.4 Let assignment for LaTeX macros (HO)
Package: hopatch 2012/05/28 v1.2 Wrapper for package hooks (HO)
Package: xcolor-patch 2011/01/30 xcolor patch
Package: atveryend 2011/06/30 v1.8 Hooks at the very end of document (HO)
Package atveryend Info: \enddocument detected (standard20110627).
Package: atbegshi 2011/10/05 v1.16 At begin shipout hook (HO)
Package: refcount 2011/10/16 v3.4 Data extraction from label references (HO)
Package: hycolor 2011/01/30 v1.7 Color options for hyperref/bookmark (HO)
)
(/afs/tu-chemnitz.de/global/capp/TeXLive-2013/texmf-dist/tex/generic/ifxetex/if
xetex.sty
Package: ifxetex 2010/09/12 v0.6 Provides ifxetex conditional
)
(/afs/tu-chemnitz.de/global/capp/TeXLive-2013/texmf-dist/tex/latex/oberdiek/aux
hook.sty
Package: auxhook 2011/03/04 v1.3 Hooks for auxiliary files (HO)
)
(/afs/tu-chemnitz.de/global/capp/TeXLive-2013/texmf-dist/tex/latex/oberdiek/kvo
ptions.sty
Package: kvoptions 2011/06/30 v3.11 Key value format for package options (HO)
)
\@linkdim=\dimen116
\Hy@linkcounter=\count100
\Hy@pagecounter=\count101

(/afs/tu-chemnitz.de/global/capp/TeXLive-2013/texmf-dist/tex/latex/hyperref/pd1
enc.def
File: pd1enc.def 2012/11/06 v6.83m Hyperref: PDFDocEncoding definition (HO)
Now handling font encoding PD1 ...
... no UTF-8 mapping file for font encoding PD1
)
\Hy@SavedSpaceFactor=\count102

(/afs/tu-chemnitz.de/global/capp/TeXLive-2013/texmf-dist/tex/latex/latexconfig/
hyperref.cfg
File: hyperref.cfg 2002/06/06 v1.2 hyperref configuration of TeXLive
)
Package hyperref Info: Option `colorlinks' set `true' on input line 4319.
Package hyperref Info: Hyper figures OFF on input line 4443.
Package hyperref Info: Link nesting OFF on input line 4448.
Package hyperref Info: Hyper index ON on input line 4451.
Package hyperref Info: Plain pages OFF on input line 4458.
Package hyperref Info: Backreferencing OFF on input line 4463.
Package hyperref Info: Implicit mode ON; LaTeX internals redefined.
Package hyperref Info: Bookmarks ON on input line 4688.
\c@Hy@tempcnt=\count103
LaTeX Info: Redefining \url on input line 5041.
\XeTeXLinkMargin=\dimen117
\Fld@menulength=\count104
\Field@Width=\dimen118
\Fld@charsize=\dimen119
Package hyperref Info: Hyper figures OFF on input line 6295.
Package hyperref Info: Link nesting OFF on input line 6300.
Package hyperref Info: Hyper index ON on input line 6303.
Package hyperref Info: backreferencing OFF on input line 6310.
Package hyperref Info: Link coloring ON on input line 6313.
Package hyperref Info: Link coloring with OCG OFF on input line 6320.
Package hyperref Info: PDF/A mode OFF on input line 6325.
LaTeX Info: Redefining \ref on input line 6365.
LaTeX Info: Redefining \pageref on input line 6369.
\Hy@abspage=\count105
\c@Item=\count106
\c@Hfootnote=\count107
)

Package hyperref Message: Driver (autodetected): hpdftex.


(/afs/tu-chemnitz.de/global/capp/TeXLive-2013/texmf-dist/tex/latex/hyperref/hpd
ftex.def
File: hpdftex.def 2012/11/06 v6.83m Hyperref driver for pdfTeX
\Fld@listcount=\count108
\c@bookmark@seq@number=\count109

(/afs/tu-chemnitz.de/global/capp/TeXLive-2013/texmf-dist/tex/latex/oberdiek/rer
unfilecheck.sty
Package: rerunfilecheck 2011/04/15 v1.7 Rerun checks for auxiliary files (HO)
Package uniquecounter Info: New unique counter `rerunfilecheck' on input line 2
82.
)
\Hy@SectionHShift=\skip50
)
(/afs/tu-chemnitz.de/global/capp/TeXLive-2013/texmf-dist/tex/latex/subfig/subfi
g.sty
Package: subfig 2005/06/28 ver: 1.3 subfig package

(/afs/tu-chemnitz.de/global/capp/TeXLive-2013/texmf-dist/tex/latex/caption/capt
ion.sty
Package: caption 2013/05/02 v3.3-89 Customizing captions (AR)

(/afs/tu-chemnitz.de/global/capp/TeXLive-2013/texmf-dist/tex/latex/caption/capt
ion3.sty
Package: caption3 2013/05/02 v1.6-88 caption3 kernel (AR)
Package caption3 Info: TeX engine: e-TeX on input line 57.
\captionmargin=\dimen120
\captionmargin@=\dimen121
\captionwidth=\dimen122
\caption@tempdima=\dimen123
\caption@indent=\dimen124
\caption@parindent=\dimen125
\caption@hangindent=\dimen126
)
\c@ContinuedFloat=\count110
Package caption Info: float package is loaded.
Package caption Info: hyperref package is loaded.
Package caption Info: listings package is loaded.
Package caption Info: rotating package is loaded.
)
\c@KVtest=\count111
\sf@farskip=\skip51
\sf@captopadj=\dimen127
\sf@capskip=\skip52
\sf@nearskip=\skip53
\c@subfigure=\count112
\c@subfigure@save=\count113
\c@lofdepth=\count114
\c@subtable=\count115
\c@subtable@save=\count116
\c@lotdepth=\count117
\sf@top=\skip54
\sf@bottom=\skip55
)
(/afs/tu-chemnitz.de/global/capp/TeXLive-2013/texmf-dist/tex/latex/tools/afterp
age.sty
Package: afterpage 1995/10/27 v1.08 After-Page Package (DPC)
\AP@output=\toks23
\AP@partial=\box31
\AP@footins=\box32
)
(/afs/tu-chemnitz.de/global/capp/TeXLive-2013/texmf-dist/tex/latex/amsmath/amsm
ath.sty
Package: amsmath 2013/01/14 v2.14 AMS math features
\@mathmargin=\skip56

For additional information on amsmath, use the `?' option.

(/afs/tu-chemnitz.de/global/capp/TeXLive-2013/texmf-dist/tex/latex/amsmath/amst
ext.sty
Package: amstext 2000/06/29 v2.01

(/afs/tu-chemnitz.de/global/capp/TeXLive-2013/texmf-dist/tex/latex/amsmath/amsg
en.sty
File: amsgen.sty 1999/11/30 v2.0
\@emptytoks=\toks24
\ex@=\dimen128
))
(/afs/tu-chemnitz.de/global/capp/TeXLive-2013/texmf-dist/tex/latex/amsmath/amsb
sy.sty
Package: amsbsy 1999/11/29 v1.2d
\pmbraise@=\dimen129
)
(/afs/tu-chemnitz.de/global/capp/TeXLive-2013/texmf-dist/tex/latex/amsmath/amso
pn.sty
Package: amsopn 1999/12/14 v2.01 operator names
)
\inf@bad=\count118
LaTeX Info: Redefining \frac on input line 210.
\uproot@=\count119
\leftroot@=\count120
LaTeX Info: Redefining \overline on input line 306.
\classnum@=\count121
\DOTSCASE@=\count122
LaTeX Info: Redefining \ldots on input line 378.
LaTeX Info: Redefining \dots on input line 381.
LaTeX Info: Redefining \cdots on input line 466.
\Mathstrutbox@=\box33
\strutbox@=\box34
\big@size=\dimen130
LaTeX Font Info:    Redeclaring font encoding OML on input line 566.
LaTeX Font Info:    Redeclaring font encoding OMS on input line 567.
\macc@depth=\count123
\c@MaxMatrixCols=\count124
\dotsspace@=\muskip11
\c@parentequation=\count125
\dspbrk@lvl=\count126
\tag@help=\toks25
\row@=\count127
\column@=\count128
\maxfields@=\count129
\andhelp@=\toks26
\eqnshift@=\dimen131
\alignsep@=\dimen132
\tagshift@=\dimen133
\tagwidth@=\dimen134
\totwidth@=\dimen135
\lineht@=\dimen136
\@envbody=\toks27
\multlinegap=\skip57
\multlinetaggap=\skip58
\mathdisplay@stack=\toks28
LaTeX Info: Redefining \[ on input line 2665.
LaTeX Info: Redefining \] on input line 2666.
)
(/afs/tu-chemnitz.de/global/capp/TeXLive-2013/texmf-dist/tex/latex/amsfonts/ams
symb.sty
Package: amssymb 2013/01/14 v3.01 AMS font symbols

(/afs/tu-chemnitz.de/global/capp/TeXLive-2013/texmf-dist/tex/latex/amsfonts/ams
fonts.sty
Package: amsfonts 2013/01/14 v3.01 Basic AMSFonts support
\symAMSa=\mathgroup4
\symAMSb=\mathgroup5
LaTeX Font Info:    Overwriting math alphabet `\mathfrak' in version `bold'
(Font)                  U/euf/m/n --> U/euf/b/n on input line 106.
))
(/afs/tu-chemnitz.de/global/capp/TeXLive-2013/texmf-dist/tex/latex/bbm-macros/b
bm.sty
Package: bbm 1999/03/15 V 1.2 provides fonts for set symbols - TH
LaTeX Font Info:    Overwriting math alphabet `\mathbbm' in version `bold'
(Font)                  U/bbm/m/n --> U/bbm/bx/n on input line 33.
LaTeX Font Info:    Overwriting math alphabet `\mathbbmss' in version `bold'
(Font)                  U/bbmss/m/n --> U/bbmss/bx/n on input line 35.
)
(/afs/tu-chemnitz.de/global/capp/TeXLive-2013/texmf-dist/tex/latex/mh/mathtools
.sty
Package: mathtools 2013/02/12 v1.13 mathematical typesetting tools

(/afs/tu-chemnitz.de/global/capp/TeXLive-2013/texmf-dist/tex/latex/tools/calc.s
ty
Package: calc 2007/08/22 v4.3 Infix arithmetic (KKT,FJ)
\calc@Acount=\count130
\calc@Bcount=\count131
\calc@Adimen=\dimen137
\calc@Bdimen=\dimen138
\calc@Askip=\skip59
\calc@Bskip=\skip60
LaTeX Info: Redefining \setlength on input line 76.
LaTeX Info: Redefining \addtolength on input line 77.
\calc@Ccount=\count132
\calc@Cskip=\skip61
)
(/afs/tu-chemnitz.de/global/capp/TeXLive-2013/texmf-dist/tex/latex/mh/mhsetup.s
ty
Package: mhsetup 2010/01/21 v1.2a programming setup (MH)
)
LaTeX Info: Thecontrolsequence`\['isalreadyrobust on input line 129.
LaTeX Info: Thecontrolsequence`\]'isalreadyrobust on input line 129.
\g_MT_multlinerow_int=\count133
\l_MT_multwidth_dim=\dimen139
\origjot=\skip62
\l_MT_shortvdotswithinadjustabove_dim=\dimen140
\l_MT_shortvdotswithinadjustbelow_dim=\dimen141
\l_MT_above_intertext_sep=\dimen142
\l_MT_below_intertext_sep=\dimen143
\l_MT_above_shortintertext_sep=\dimen144
\l_MT_below_shortintertext_sep=\dimen145
)
(/afs/tu-chemnitz.de/global/capp/TeXLive-2013/texmf-dist/tex/latex/base/exscale
.sty
Package: exscale 2007/10/29 v2.1h Standard LaTeX package exscale
LaTeX Font Info:    Redeclaring symbol font `largesymbols' on input line 52.
LaTeX Font Info:    Overwriting symbol font `largesymbols' in version `normal'
(Font)                  OMX/lmex/m/n --> OMX/cmex/m/n on input line 52.
LaTeX Font Info:    Overwriting symbol font `largesymbols' in version `bold'
(Font)                  OMX/lmex/m/n --> OMX/cmex/m/n on input line 52.
\big@size=\dimen146
)
(/afs/tu-chemnitz.de/global/capp/TeXLive-2013/texmf-dist/tex/latex/pgf/frontend
layer/tikz.sty
(/afs/tu-chemnitz.de/global/capp/TeXLive-2013/texmf-dist/tex/latex/pgf/basiclay
er/pgf.sty
(/afs/tu-chemnitz.de/global/capp/TeXLive-2013/texmf-dist/tex/latex/pgf/utilitie
s/pgfrcs.sty
(/afs/tu-chemnitz.de/global/capp/TeXLive-2013/texmf-dist/tex/generic/pgf/utilit
ies/pgfutil-common.tex
\pgfutil@everybye=\toks29
\pgfutil@tempdima=\dimen147
\pgfutil@tempdimb=\dimen148

(/afs/tu-chemnitz.de/global/capp/TeXLive-2013/texmf-dist/tex/generic/pgf/utilit
ies/pgfutil-common-lists.tex))
(/afs/tu-chemnitz.de/global/capp/TeXLive-2013/texmf-dist/tex/generic/pgf/utilit
ies/pgfutil-latex.def
\pgfutil@abb=\box35

(/afs/tu-chemnitz.de/global/capp/TeXLive-2013/texmf-dist/tex/latex/ms/everyshi.
sty
Package: everyshi 2001/05/15 v3.00 EveryShipout Package (MS)
))
(/afs/tu-chemnitz.de/global/capp/TeXLive-2013/texmf-dist/tex/generic/pgf/utilit
ies/pgfrcs.code.tex
Package: pgfrcs 2013/12/20 v3.0.0 (rcs-revision 1.28)
))
Package: pgf 2013/12/18 v3.0.0 (rcs-revision 1.14)

(/afs/tu-chemnitz.de/global/capp/TeXLive-2013/texmf-dist/tex/latex/pgf/basiclay
er/pgfcore.sty
(/afs/tu-chemnitz.de/global/capp/TeXLive-2013/texmf-dist/tex/latex/pgf/systemla
yer/pgfsys.sty
(/afs/tu-chemnitz.de/global/capp/TeXLive-2013/texmf-dist/tex/generic/pgf/system
layer/pgfsys.code.tex
Package: pgfsys 2013/11/30 v3.0.0 (rcs-revision 1.47)

(/afs/tu-chemnitz.de/global/capp/TeXLive-2013/texmf-dist/tex/generic/pgf/utilit
ies/pgfkeys.code.tex
\pgfkeys@pathtoks=\toks30
\pgfkeys@temptoks=\toks31

(/afs/tu-chemnitz.de/global/capp/TeXLive-2013/texmf-dist/tex/generic/pgf/utilit
ies/pgfkeysfiltered.code.tex
\pgfkeys@tmptoks=\toks32
))
\pgf@x=\dimen149
\pgf@y=\dimen150
\pgf@xa=\dimen151
\pgf@ya=\dimen152
\pgf@xb=\dimen153
\pgf@yb=\dimen154
\pgf@xc=\dimen155
\pgf@yc=\dimen156
\w@pgf@writea=\write3
\r@pgf@reada=\read1
\c@pgf@counta=\count134
\c@pgf@countb=\count135
\c@pgf@countc=\count136
\c@pgf@countd=\count137
\t@pgf@toka=\toks33
\t@pgf@tokb=\toks34
\t@pgf@tokc=\toks35

(/afs/tu-chemnitz.de/global/capp/TeXLive-2013/texmf-dist/tex/generic/pgf/system
layer/pgf.cfg
File: pgf.cfg 2008/05/14  (rcs-revision 1.7)
)
Driver file for pgf: pgfsys-pdftex.def

(/afs/tu-chemnitz.de/global/capp/TeXLive-2013/texmf-dist/tex/generic/pgf/system
layer/pgfsys-pdftex.def
File: pgfsys-pdftex.def 2013/07/18  (rcs-revision 1.33)

(/afs/tu-chemnitz.de/global/capp/TeXLive-2013/texmf-dist/tex/generic/pgf/system
layer/pgfsys-common-pdf.def
File: pgfsys-common-pdf.def 2013/10/10  (rcs-revision 1.13)
)))
(/afs/tu-chemnitz.de/global/capp/TeXLive-2013/texmf-dist/tex/generic/pgf/system
layer/pgfsyssoftpath.code.tex
File: pgfsyssoftpath.code.tex 2013/09/09  (rcs-revision 1.9)
\pgfsyssoftpath@smallbuffer@items=\count138
\pgfsyssoftpath@bigbuffer@items=\count139
)
(/afs/tu-chemnitz.de/global/capp/TeXLive-2013/texmf-dist/tex/generic/pgf/system
layer/pgfsysprotocol.code.tex
File: pgfsysprotocol.code.tex 2006/10/16  (rcs-revision 1.4)
))
(/afs/tu-chemnitz.de/global/capp/TeXLive-2013/texmf-dist/tex/latex/xcolor/xcolo
r.sty
Package: xcolor 2007/01/21 v2.11 LaTeX color extensions (UK)

(/afs/tu-chemnitz.de/global/capp/TeXLive-2013/texmf-dist/tex/latex/latexconfig/
color.cfg
File: color.cfg 2007/01/18 v1.5 color configuration of teTeX/TeXLive
)
Package xcolor Info: Driver file: pdftex.def on input line 225.
Package xcolor Info: Model `cmy' substituted by `cmy0' on input line 1337.
Package xcolor Info: Model `hsb' substituted by `rgb' on input line 1341.
Package xcolor Info: Model `RGB' extended on input line 1353.
Package xcolor Info: Model `HTML' substituted by `rgb' on input line 1355.
Package xcolor Info: Model `Hsb' substituted by `hsb' on input line 1356.
Package xcolor Info: Model `tHsb' substituted by `hsb' on input line 1357.
Package xcolor Info: Model `HSB' substituted by `hsb' on input line 1358.
Package xcolor Info: Model `Gray' substituted by `gray' on input line 1359.
Package xcolor Info: Model `wave' substituted by `hsb' on input line 1360.
)
(/afs/tu-chemnitz.de/global/capp/TeXLive-2013/texmf-dist/tex/generic/pgf/basicl
ayer/pgfcore.code.tex
Package: pgfcore 2010/04/11 v3.0.0 (rcs-revision 1.7)

(/afs/tu-chemnitz.de/global/capp/TeXLive-2013/texmf-dist/tex/generic/pgf/math/p
gfmath.code.tex
(/afs/tu-chemnitz.de/global/capp/TeXLive-2013/texmf-dist/tex/generic/pgf/math/p
gfmathcalc.code.tex
(/afs/tu-chemnitz.de/global/capp/TeXLive-2013/texmf-dist/tex/generic/pgf/math/p
gfmathutil.code.tex)
(/afs/tu-chemnitz.de/global/capp/TeXLive-2013/texmf-dist/tex/generic/pgf/math/p
gfmathparser.code.tex
\pgfmath@dimen=\dimen157
\pgfmath@count=\count140
\pgfmath@box=\box36
\pgfmath@toks=\toks36
\pgfmath@stack@operand=\toks37
\pgfmath@stack@operation=\toks38
)
(/afs/tu-chemnitz.de/global/capp/TeXLive-2013/texmf-dist/tex/generic/pgf/math/p
gfmathfunctions.code.tex
(/afs/tu-chemnitz.de/global/capp/TeXLive-2013/texmf-dist/tex/generic/pgf/math/p
gfmathfunctions.basic.code.tex)
(/afs/tu-chemnitz.de/global/capp/TeXLive-2013/texmf-dist/tex/generic/pgf/math/p
gfmathfunctions.trigonometric.code.tex)
(/afs/tu-chemnitz.de/global/capp/TeXLive-2013/texmf-dist/tex/generic/pgf/math/p
gfmathfunctions.random.code.tex)
(/afs/tu-chemnitz.de/global/capp/TeXLive-2013/texmf-dist/tex/generic/pgf/math/p
gfmathfunctions.comparison.code.tex)
(/afs/tu-chemnitz.de/global/capp/TeXLive-2013/texmf-dist/tex/generic/pgf/math/p
gfmathfunctions.base.code.tex)
(/afs/tu-chemnitz.de/global/capp/TeXLive-2013/texmf-dist/tex/generic/pgf/math/p
gfmathfunctions.round.code.tex)
(/afs/tu-chemnitz.de/global/capp/TeXLive-2013/texmf-dist/tex/generic/pgf/math/p
gfmathfunctions.misc.code.tex)
(/afs/tu-chemnitz.de/global/capp/TeXLive-2013/texmf-dist/tex/generic/pgf/math/p
gfmathfunctions.integerarithmetics.code.tex)))
(/afs/tu-chemnitz.de/global/capp/TeXLive-2013/texmf-dist/tex/generic/pgf/math/p
gfmathfloat.code.tex
\c@pgfmathroundto@lastzeros=\count141
))
(/afs/tu-chemnitz.de/global/capp/TeXLive-2013/texmf-dist/tex/generic/pgf/basicl
ayer/pgfcorepoints.code.tex
File: pgfcorepoints.code.tex 2013/10/07  (rcs-revision 1.27)
\pgf@picminx=\dimen158
\pgf@picmaxx=\dimen159
\pgf@picminy=\dimen160
\pgf@picmaxy=\dimen161
\pgf@pathminx=\dimen162
\pgf@pathmaxx=\dimen163
\pgf@pathminy=\dimen164
\pgf@pathmaxy=\dimen165
\pgf@xx=\dimen166
\pgf@xy=\dimen167
\pgf@yx=\dimen168
\pgf@yy=\dimen169
\pgf@zx=\dimen170
\pgf@zy=\dimen171
)
(/afs/tu-chemnitz.de/global/capp/TeXLive-2013/texmf-dist/tex/generic/pgf/basicl
ayer/pgfcorepathconstruct.code.tex
File: pgfcorepathconstruct.code.tex 2013/10/07  (rcs-revision 1.29)
\pgf@path@lastx=\dimen172
\pgf@path@lasty=\dimen173
)
(/afs/tu-chemnitz.de/global/capp/TeXLive-2013/texmf-dist/tex/generic/pgf/basicl
ayer/pgfcorepathusage.code.tex
File: pgfcorepathusage.code.tex 2013/12/13  (rcs-revision 1.23)
\pgf@shorten@end@additional=\dimen174
\pgf@shorten@start@additional=\dimen175
)
(/afs/tu-chemnitz.de/global/capp/TeXLive-2013/texmf-dist/tex/generic/pgf/basicl
ayer/pgfcorescopes.code.tex
File: pgfcorescopes.code.tex 2013/10/09  (rcs-revision 1.44)
\pgfpic=\box37
\pgf@hbox=\box38
\pgf@layerbox@main=\box39
\pgf@picture@serial@count=\count142
)
(/afs/tu-chemnitz.de/global/capp/TeXLive-2013/texmf-dist/tex/generic/pgf/basicl
ayer/pgfcoregraphicstate.code.tex
File: pgfcoregraphicstate.code.tex 2013/09/19  (rcs-revision 1.11)
\pgflinewidth=\dimen176
)
(/afs/tu-chemnitz.de/global/capp/TeXLive-2013/texmf-dist/tex/generic/pgf/basicl
ayer/pgfcoretransformations.code.tex
File: pgfcoretransformations.code.tex 2013/10/10  (rcs-revision 1.17)
\pgf@pt@x=\dimen177
\pgf@pt@y=\dimen178
\pgf@pt@temp=\dimen179
)
(/afs/tu-chemnitz.de/global/capp/TeXLive-2013/texmf-dist/tex/generic/pgf/basicl
ayer/pgfcorequick.code.tex
File: pgfcorequick.code.tex 2008/10/09  (rcs-revision 1.3)
)
(/afs/tu-chemnitz.de/global/capp/TeXLive-2013/texmf-dist/tex/generic/pgf/basicl
ayer/pgfcoreobjects.code.tex
File: pgfcoreobjects.code.tex 2006/10/11  (rcs-revision 1.2)
)
(/afs/tu-chemnitz.de/global/capp/TeXLive-2013/texmf-dist/tex/generic/pgf/basicl
ayer/pgfcorepathprocessing.code.tex
File: pgfcorepathprocessing.code.tex 2013/09/09  (rcs-revision 1.9)
)
(/afs/tu-chemnitz.de/global/capp/TeXLive-2013/texmf-dist/tex/generic/pgf/basicl
ayer/pgfcorearrows.code.tex
File: pgfcorearrows.code.tex 2013/11/07  (rcs-revision 1.40)
\pgfarrowsep=\dimen180
)
(/afs/tu-chemnitz.de/global/capp/TeXLive-2013/texmf-dist/tex/generic/pgf/basicl
ayer/pgfcoreshade.code.tex
File: pgfcoreshade.code.tex 2013/07/15  (rcs-revision 1.15)
\pgf@max=\dimen181
\pgf@sys@shading@range@num=\count143
)
(/afs/tu-chemnitz.de/global/capp/TeXLive-2013/texmf-dist/tex/generic/pgf/basicl
ayer/pgfcoreimage.code.tex
File: pgfcoreimage.code.tex 2013/07/15  (rcs-revision 1.18)

(/afs/tu-chemnitz.de/global/capp/TeXLive-2013/texmf-dist/tex/generic/pgf/basicl
ayer/pgfcoreexternal.code.tex
File: pgfcoreexternal.code.tex 2013/07/15  (rcs-revision 1.20)
\pgfexternal@startupbox=\box40
))
(/afs/tu-chemnitz.de/global/capp/TeXLive-2013/texmf-dist/tex/generic/pgf/basicl
ayer/pgfcorelayers.code.tex
File: pgfcorelayers.code.tex 2013/07/18  (rcs-revision 1.7)
)
(/afs/tu-chemnitz.de/global/capp/TeXLive-2013/texmf-dist/tex/generic/pgf/basicl
ayer/pgfcoretransparency.code.tex
File: pgfcoretransparency.code.tex 2013/09/30  (rcs-revision 1.5)
)
(/afs/tu-chemnitz.de/global/capp/TeXLive-2013/texmf-dist/tex/generic/pgf/basicl
ayer/pgfcorepatterns.code.tex
File: pgfcorepatterns.code.tex 2013/11/07  (rcs-revision 1.5)
)))
(/afs/tu-chemnitz.de/global/capp/TeXLive-2013/texmf-dist/tex/generic/pgf/module
s/pgfmoduleshapes.code.tex
File: pgfmoduleshapes.code.tex 2013/10/31  (rcs-revision 1.34)
\pgfnodeparttextbox=\box41
)
(/afs/tu-chemnitz.de/global/capp/TeXLive-2013/texmf-dist/tex/generic/pgf/module
s/pgfmoduleplot.code.tex
File: pgfmoduleplot.code.tex 2013/07/31  (rcs-revision 1.12)
)
(/afs/tu-chemnitz.de/global/capp/TeXLive-2013/texmf-dist/tex/latex/pgf/compatib
ility/pgfcomp-version-0-65.sty
Package: pgfcomp-version-0-65 2007/07/03 v3.0.0 (rcs-revision 1.7)
\pgf@nodesepstart=\dimen182
\pgf@nodesepend=\dimen183
)
(/afs/tu-chemnitz.de/global/capp/TeXLive-2013/texmf-dist/tex/latex/pgf/compatib
ility/pgfcomp-version-1-18.sty
Package: pgfcomp-version-1-18 2007/07/23 v3.0.0 (rcs-revision 1.1)
))
(/afs/tu-chemnitz.de/global/capp/TeXLive-2013/texmf-dist/tex/latex/pgf/utilitie
s/pgffor.sty
(/afs/tu-chemnitz.de/global/capp/TeXLive-2013/texmf-dist/tex/latex/pgf/utilitie
s/pgfkeys.sty
(/afs/tu-chemnitz.de/global/capp/TeXLive-2013/texmf-dist/tex/generic/pgf/utilit
ies/pgfkeys.code.tex))
(/afs/tu-chemnitz.de/global/capp/TeXLive-2013/texmf-dist/tex/latex/pgf/math/pgf
math.sty
(/afs/tu-chemnitz.de/global/capp/TeXLive-2013/texmf-dist/tex/generic/pgf/math/p
gfmath.code.tex))
(/afs/tu-chemnitz.de/global/capp/TeXLive-2013/texmf-dist/tex/generic/pgf/utilit
ies/pgffor.code.tex
Package: pgffor 2013/12/13 v3.0.0 (rcs-revision 1.25)

(/afs/tu-chemnitz.de/global/capp/TeXLive-2013/texmf-dist/tex/generic/pgf/math/p
gfmath.code.tex)
\pgffor@iter=\dimen184
\pgffor@skip=\dimen185
\pgffor@stack=\toks39
\pgffor@toks=\toks40
))
(/afs/tu-chemnitz.de/global/capp/TeXLive-2013/texmf-dist/tex/generic/pgf/fronte
ndlayer/tikz/tikz.code.tex
Package: tikz 2013/12/13 v3.0.0 (rcs-revision 1.142)

(/afs/tu-chemnitz.de/global/capp/TeXLive-2013/texmf-dist/tex/generic/pgf/librar
ies/pgflibraryplothandlers.code.tex
File: pgflibraryplothandlers.code.tex 2013/08/31 v3.0.0 (rcs-revision 1.20)
\pgf@plot@mark@count=\count144
\pgfplotmarksize=\dimen186
)
\tikz@lastx=\dimen187
\tikz@lasty=\dimen188
\tikz@lastxsaved=\dimen189
\tikz@lastysaved=\dimen190
\tikzleveldistance=\dimen191
\tikzsiblingdistance=\dimen192
\tikz@figbox=\box42
\tikz@figbox@bg=\box43
\tikz@tempbox=\box44
\tikz@tempbox@bg=\box45
\tikztreelevel=\count145
\tikznumberofchildren=\count146
\tikznumberofcurrentchild=\count147
\tikz@fig@count=\count148

(/afs/tu-chemnitz.de/global/capp/TeXLive-2013/texmf-dist/tex/generic/pgf/module
s/pgfmodulematrix.code.tex
File: pgfmodulematrix.code.tex 2013/09/17  (rcs-revision 1.8)
\pgfmatrixcurrentrow=\count149
\pgfmatrixcurrentcolumn=\count150
\pgf@matrix@numberofcolumns=\count151
)
\tikz@expandcount=\count152

(/afs/tu-chemnitz.de/global/capp/TeXLive-2013/texmf-dist/tex/generic/pgf/fronte
ndlayer/tikz/libraries/tikzlibrarytopaths.code.tex
File: tikzlibrarytopaths.code.tex 2008/06/17 v3.0.0 (rcs-revision 1.2)
)))
(/afs/tu-chemnitz.de/global/capp/TeXLive-2013/texmf-dist/tex/latex/pgfplots/pgf
plots.sty
(/afs/tu-chemnitz.de/global/capp/TeXLive-2013/texmf-dist/tex/generic/pgfplots/p
gfplots.revision.tex)
Package: pgfplots 2014/02/28 v1.10 Data Visualization (1.10-2-gb39fe75)

(/afs/tu-chemnitz.de/global/capp/TeXLive-2013/texmf-dist/tex/generic/pgfplots/p
gfplots.code.tex
(/afs/tu-chemnitz.de/global/capp/TeXLive-2013/texmf-dist/tex/generic/pgfplots/p
gfplotscore.code.tex
\t@pgfplots@toka=\toks41
\t@pgfplots@tokb=\toks42
\t@pgfplots@tokc=\toks43
\pgfplots@tmpa=\dimen193
\c@pgfplots@coordindex=\count153
\c@pgfplots@scanlineindex=\count154

(/afs/tu-chemnitz.de/global/capp/TeXLive-2013/texmf-dist/tex/generic/pgfplots/s
ys/pgfplotssysgeneric.code.tex))
(/afs/tu-chemnitz.de/global/capp/TeXLive-2013/texmf-dist/tex/generic/pgfplots/l
ibs/pgfplotslibrary.code.tex)
(/afs/tu-chemnitz.de/global/capp/TeXLive-2013/texmf-dist/tex/generic/pgfplots/o
ldpgfcompatib/pgfplotsoldpgfsupp_loader.code.tex
(/afs/tu-chemnitz.de/global/capp/TeXLive-2013/texmf-dist/tex/generic/pgf/librar
ies/pgflibraryfpu.code.tex))
(/afs/tu-chemnitz.de/global/capp/TeXLive-2013/texmf-dist/tex/generic/pgfplots/u
til/pgfplotsutil.code.tex
(/afs/tu-chemnitz.de/global/capp/TeXLive-2013/texmf-dist/tex/generic/pgfplots/l
iststructure/pgfplotsliststructure.code.tex)
(/afs/tu-chemnitz.de/global/capp/TeXLive-2013/texmf-dist/tex/generic/pgfplots/l
iststructure/pgfplotsliststructureext.code.tex)
(/afs/tu-chemnitz.de/global/capp/TeXLive-2013/texmf-dist/tex/generic/pgfplots/l
iststructure/pgfplotsarray.code.tex
\c@pgfplotsarray@tmp=\count155
)
(/afs/tu-chemnitz.de/global/capp/TeXLive-2013/texmf-dist/tex/generic/pgfplots/l
iststructure/pgfplotsmatrix.code.tex)
(/afs/tu-chemnitz.de/global/capp/TeXLive-2013/texmf-dist/tex/generic/pgfplots/n
umtable/pgfplotstableshared.code.tex
\c@pgfplotstable@counta=\count156
\t@pgfplotstable@a=\toks44
)
(/afs/tu-chemnitz.de/global/capp/TeXLive-2013/texmf-dist/tex/generic/pgfplots/l
iststructure/pgfplotsdeque.code.tex)
(/afs/tu-chemnitz.de/global/capp/TeXLive-2013/texmf-dist/tex/generic/pgfplots/u
til/pgfplotsbinary.code.tex
(/afs/tu-chemnitz.de/global/capp/TeXLive-2013/texmf-dist/tex/generic/pgfplots/u
til/pgfplotsbinary.data.code.tex))
(/afs/tu-chemnitz.de/global/capp/TeXLive-2013/texmf-dist/tex/generic/pgfplots/u
til/pgfplotsutil.verb.code.tex)
(/afs/tu-chemnitz.de/global/capp/TeXLive-2013/texmf-dist/tex/generic/pgfplots/l
ibs/pgflibrarypgfplots.surfshading.code.tex
\c@pgfplotslibrarysurf@no=\count157

(/afs/tu-chemnitz.de/global/capp/TeXLive-2013/texmf-dist/tex/generic/pgfplots/s
ys/pgflibrarypgfplots.surfshading.pgfsys-pdftex.def)))
(/afs/tu-chemnitz.de/global/capp/TeXLive-2013/texmf-dist/tex/generic/pgfplots/u
til/pgfplotscolormap.code.tex
(/afs/tu-chemnitz.de/global/capp/TeXLive-2013/texmf-dist/tex/generic/pgfplots/u
til/pgfplotscolor.code.tex))
(/afs/tu-chemnitz.de/global/capp/TeXLive-2013/texmf-dist/tex/generic/pgfplots/p
gfplotsstackedplots.code.tex)
(/afs/tu-chemnitz.de/global/capp/TeXLive-2013/texmf-dist/tex/generic/pgfplots/p
gfplotsplothandlers.code.tex
(/afs/tu-chemnitz.de/global/capp/TeXLive-2013/texmf-dist/tex/generic/pgfplots/p
gfplotsmeshplothandler.code.tex))
(/afs/tu-chemnitz.de/global/capp/TeXLive-2013/texmf-dist/tex/generic/pgfplots/p
gfplots.scaling.code.tex)
(/afs/tu-chemnitz.de/global/capp/TeXLive-2013/texmf-dist/tex/generic/pgfplots/p
gfplotscoordprocessing.code.tex)
(/afs/tu-chemnitz.de/global/capp/TeXLive-2013/texmf-dist/tex/generic/pgfplots/p
gfplots.errorbars.code.tex)
(/afs/tu-chemnitz.de/global/capp/TeXLive-2013/texmf-dist/tex/generic/pgfplots/p
gfplots.markers.code.tex)
(/afs/tu-chemnitz.de/global/capp/TeXLive-2013/texmf-dist/tex/generic/pgfplots/p
gfplotsticks.code.tex)
(/afs/tu-chemnitz.de/global/capp/TeXLive-2013/texmf-dist/tex/generic/pgfplots/p
gfplots.paths.code.tex)
(/afs/tu-chemnitz.de/global/capp/TeXLive-2013/texmf-dist/tex/generic/pgf/fronte
ndlayer/tikz/libraries/tikzlibrarydecorations.code.tex
(/afs/tu-chemnitz.de/global/capp/TeXLive-2013/texmf-dist/tex/generic/pgf/module
s/pgfmoduledecorations.code.tex
\pgfdecoratedcompleteddistance=\dimen194
\pgfdecoratedremainingdistance=\dimen195
\pgfdecoratedinputsegmentcompleteddistance=\dimen196
\pgfdecoratedinputsegmentremainingdistance=\dimen197
\pgf@decorate@distancetomove=\dimen198
\pgf@decorate@repeatstate=\count158
\pgfdecorationsegmentamplitude=\dimen199
\pgfdecorationsegmentlength=\dimen200
)
\tikz@lib@dec@box=\box46
)
(/afs/tu-chemnitz.de/global/capp/TeXLive-2013/texmf-dist/tex/generic/pgf/fronte
ndlayer/tikz/libraries/tikzlibrarydecorations.pathmorphing.code.tex
(/afs/tu-chemnitz.de/global/capp/TeXLive-2013/texmf-dist/tex/generic/pgf/librar
ies/decorations/pgflibrarydecorations.pathmorphing.code.tex))
(/afs/tu-chemnitz.de/global/capp/TeXLive-2013/texmf-dist/tex/generic/pgf/fronte
ndlayer/tikz/libraries/tikzlibrarydecorations.pathreplacing.code.tex
(/afs/tu-chemnitz.de/global/capp/TeXLive-2013/texmf-dist/tex/generic/pgf/librar
ies/decorations/pgflibrarydecorations.pathreplacing.code.tex))
\pgfplots@numplots=\count159
\pgfplots@xmin@reg=\dimen201
\pgfplots@xmax@reg=\dimen202
\pgfplots@ymin@reg=\dimen203
\pgfplots@ymax@reg=\dimen204
\pgfplots@zmin@reg=\dimen205
\pgfplots@zmax@reg=\dimen206
)
(/afs/tu-chemnitz.de/global/capp/TeXLive-2013/texmf-dist/tex/generic/pgf/fronte
ndlayer/tikz/libraries/tikzlibraryplotmarks.code.tex
File: tikzlibraryplotmarks.code.tex 2008/01/09 v3.0.0 (rcs-revision 1.1)

(/afs/tu-chemnitz.de/global/capp/TeXLive-2013/texmf-dist/tex/generic/pgf/librar
ies/pgflibraryplotmarks.code.tex
File: pgflibraryplotmarks.code.tex 2013/07/20 v3.0.0 (rcs-revision 1.13)
)))
(/afs/tu-chemnitz.de/global/capp/TeXLive-2013/texmf-dist/tex/latex/marvosym/mar
vosym.sty
Package: marvosym 2011/07/20 v2.2 Martin Vogel's Symbols font definitions
)
(/afs/tu-chemnitz.de/global/capp/TeXLive-2013/texmf-dist/tex/latex/tools/multic
ol.sty
Package: multicol 2011/06/27 v1.7a multicolumn formatting (FMi)
\c@tracingmulticols=\count160
\mult@box=\box47
\multicol@leftmargin=\dimen207
\c@unbalance=\count161
\c@collectmore=\count162
\doublecol@number=\count163
\multicoltolerance=\count164
\multicolpretolerance=\count165
\full@width=\dimen208
\page@free=\dimen209
\premulticols=\dimen210
\postmulticols=\dimen211
\multicolsep=\skip63
\multicolbaselineskip=\skip64
\partial@page=\box48
\last@line=\box49
\mult@rightbox=\box50
\mult@grightbox=\box51
\mult@gfirstbox=\box52
\mult@firstbox=\box53
\@tempa=\box54
\@tempa=\box55
\@tempa=\box56
\@tempa=\box57
\@tempa=\box58
\@tempa=\box59
\@tempa=\box60
\@tempa=\box61
\@tempa=\box62
\@tempa=\box63
\@tempa=\box64
\@tempa=\box65
\@tempa=\box66
\@tempa=\box67
\@tempa=\box68
\@tempa=\box69
\@tempa=\box70
\c@columnbadness=\count166
\c@finalcolumnbadness=\count167
\last@try=\dimen212
\multicolovershoot=\dimen213
\multicolundershoot=\dimen214
\mult@nat@firstbox=\box71
\colbreak@box=\box72
\multicol@sort@counter=\count168
)
(/afs/tu-chemnitz.de/global/capp/TeXLive-2013/texmf-dist/tex/latex/algorithmicx
/algpseudocode.sty
Package: algpseudocode 

(/afs/tu-chemnitz.de/global/capp/TeXLive-2013/texmf-dist/tex/latex/algorithmicx
/algorithmicx.sty
Package: algorithmicx 2005/04/27 v1.2 Algorithmicx

Document Style algorithmicx 1.2 - a greatly improved `algorithmic' style
\c@ALG@line=\count169
\c@ALG@rem=\count170
\c@ALG@nested=\count171
\ALG@tlm=\skip65
\ALG@thistlm=\skip66
\c@ALG@Lnr=\count172
\c@ALG@blocknr=\count173
\c@ALG@storecount=\count174
\c@ALG@tmpcounter=\count175
\ALG@tmplength=\skip67
)
Document Style - pseudocode environments for use with the `algorithmicx' style
)
(/afs/tu-chemnitz.de/global/capp/TeXLive-2013/texmf-dist/tex/latex/algorithms/a
lgorithm.sty
Package: algorithm 2009/08/24 v0.1 Document Style `algorithm' - floating enviro
nment
\@float@every@algorithm=\toks45
\c@algorithm=\count176
)
(/afs/tu-chemnitz.de/global/capp/TeXLive-2013/texmf-dist/tex/latex/paralist/par
alist.sty
Package: paralist 2013/06/09 v2.4 Extended list environments
\pltopsep=\skip68
\plpartopsep=\skip69
\plitemsep=\skip70
\plparsep=\skip71
\pl@lab=\toks46
)
(/afs/tu-chemnitz.de/global/capp/TeXLive-2013/texmf-dist/tex/latex/tools/dcolum
n.sty
Package: dcolumn 2001/05/28 v1.06 decimal alignment package (DPC)
)
(/afs/tu-chemnitz.de/global/capp/TeXLive-2013/texmf-dist/tex/generic/dirtree/di
rtree.sty
Package: dirtree 2012/12/11 v0.32 package wrapper for dirtree

(/afs/tu-chemnitz.de/global/capp/TeXLive-2013/texmf-dist/tex/generic/dirtree/di
rtree.tex `dirtree' v0.32, 2012/12/11 (jcc)
\DT@offset=\dimen215
\DT@width=\dimen216
\DT@sep=\dimen217
\DT@all=\dimen218
\DT@rulewidth=\dimen219
\DT@dotwidth=\dimen220
\DTbaselineskip=\dimen221
\DT@counti=\count177
\DT@countii=\count178
\DT@countiii=\count179
\DT@countiv=\count180
\DT@indent=\dimen222
\DT@parskip=\dimen223
\DT@baselineskip=\dimen224
)
File: dirtree.tex 2012/12/11 v0.32 `dirtree' (jcc)
)
(/afs/tu-chemnitz.de/global/capp/TeXLive-2013/texmf-dist/tex/generic/babel/babe
l.sty
Package: babel 2014/03/24 3.9k The Babel package

(/afs/tu-chemnitz.de/global/capp/TeXLive-2013/texmf-dist/tex/generic/babel-engl
ish/english.ldf
Language: english 2012/08/20 v3.3p English support from the babel system

(/afs/tu-chemnitz.de/global/capp/TeXLive-2013/texmf-dist/tex/generic/babel/babe
l.def
File: babel.def 2014/03/24 3.9k Babel common definitions
\babel@savecnt=\count181
\U@D=\dimen225
)
\l@canadian = a dialect from \language\l@american 
\l@australian = a dialect from \language\l@british 
\l@newzealand = a dialect from \language\l@british 
)
(/afs/tu-chemnitz.de/global/capp/TeXLive-2013/texmf-dist/tex/generic/babel-germ
an/ngerman.ldf
Language: ngerman 2013/12/13 v2.7 German support for babel (new orthography)

(/afs/tu-chemnitz.de/global/capp/TeXLive-2013/texmf-dist/tex/generic/babel-germ
an/ngermanb.ldf
Language: ngermanb 2013/12/13 v2.7 German support for babel (new orthography)
\l@naustrian = a dialect from \language\l@ngerman 
\l@nswissgerman = a dialect from \language\l@ngerman 
Package babel Info: Making " an active character on input line 88.
)))
(/afs/tu-chemnitz.de/global/capp/TeXLive-2013/texmf-dist/tex/latex/footmisc/foo
tmisc.sty
Package: footmisc 2011/06/06 v5.5b a miscellany of footnote facilities
\FN@temptoken=\toks47
\footnotemargin=\dimen226
\c@pp@next@reset=\count182


LaTeX Warning: Command \@footnotemark  has changed.
               Check if current package is valid.

Package footmisc Info: Declaring symbol style bringhurst on input line 855.
Package footmisc Info: Declaring symbol style chicago on input line 863.
Package footmisc Info: Declaring symbol style wiley on input line 872.
Package footmisc Info: Declaring symbol style lamport-robust on input line 883.

Package footmisc Info: Declaring symbol style lamport* on input line 903.
Package footmisc Info: Declaring symbol style lamport*-robust on input line 924
.
)
(/afs/tu-chemnitz.de/global/capp/TeXLive-2013/texmf-dist/tex/latex/eurosym/euro
sym.sty
Package: eurosym 1998/08/06 v1.1 European currency symbol ``Euro''
\@eurobox=\box73
)
(/afs/tu-chemnitz.de/home/urz/t/toga/texmf/tex/latex/todonotes/todonotes.sty
Package: todonotes 2012/07/25 .dtx Todonotes source and documentation.
Package: todonotes 2012/07/25

(/afs/tu-chemnitz.de/global/capp/TeXLive-2013/texmf-dist/tex/latex/xkeyval/xkey
val.sty
Package: xkeyval 2012/10/14 v2.6b package option processing (HA)

(/afs/tu-chemnitz.de/global/capp/TeXLive-2013/texmf-dist/tex/generic/xkeyval/xk
eyval.tex
\XKV@toks=\toks48
\XKV@tempa@toks=\toks49
\XKV@depth=\count183
File: xkeyval.tex 2012/10/14 v2.6b key=value parser (HA)
))
(/afs/tu-chemnitz.de/global/capp/TeXLive-2013/texmf-dist/tex/generic/pgf/fronte
ndlayer/tikz/libraries/tikzlibrarypositioning.code.tex
File: tikzlibrarypositioning.code.tex 2008/10/06 v3.0.0 (rcs-revision 1.7)
)
\c@@todonotes@numberoftodonotes=\count184
)
(/afs/tu-chemnitz.de/global/capp/TeXLive-2013/texmf-dist/tex/generic/pgf/fronte
ndlayer/tikz/libraries/tikzlibraryarrows.code.tex
File: tikzlibraryarrows.code.tex 2008/01/09 v3.0.0 (rcs-revision 1.1)

(/afs/tu-chemnitz.de/global/capp/TeXLive-2013/texmf-dist/tex/generic/pgf/librar
ies/pgflibraryarrows.code.tex
File: pgflibraryarrows.code.tex 2013/09/23 v3.0.0 (rcs-revision 1.16)
\arrowsize=\dimen227
))
(/afs/tu-chemnitz.de/global/capp/TeXLive-2013/texmf-dist/tex/generic/pgf/fronte
ndlayer/tikz/libraries/tikzlibrarycalc.code.tex
File: tikzlibrarycalc.code.tex 2013/07/15 v3.0.0 (rcs-revision 1.9)
)
(/afs/tu-chemnitz.de/global/capp/TeXLive-2013/texmf-dist/tex/generic/pgf/fronte
ndlayer/tikz/libraries/tikzlibraryshapes.symbols.code.tex
File: tikzlibraryshapes.symbols.code.tex 2008/01/09 v3.0.0 (rcs-revision 1.1)

(/afs/tu-chemnitz.de/global/capp/TeXLive-2013/texmf-dist/tex/generic/pgf/librar
ies/shapes/pgflibraryshapes.symbols.code.tex
File: pgflibraryshapes.symbols.code.tex 2013/09/11 v3.0.0 (rcs-revision 1.6)
))
(/afs/tu-chemnitz.de/global/capp/TeXLive-2013/texmf-dist/tex/generic/pgf/fronte
ndlayer/tikz/libraries/tikzlibrarypatterns.code.tex
File: tikzlibrarypatterns.code.tex 2008/01/15 v3.0.0 (rcs-revision 1.2)

(/afs/tu-chemnitz.de/global/capp/TeXLive-2013/texmf-dist/tex/generic/pgf/librar
ies/pgflibrarypatterns.code.tex
File: pgflibrarypatterns.code.tex 2008/03/03 v3.0.0 (rcs-revision 1.13)
)) (./ba.aux)
\openout1 = `ba.aux'.

LaTeX Font Info:    Checking defaults for OML/cmm/m/it on input line 85.
LaTeX Font Info:    ... okay on input line 85.
LaTeX Font Info:    Checking defaults for T1/cmr/m/n on input line 85.
LaTeX Font Info:    ... okay on input line 85.
LaTeX Font Info:    Checking defaults for OT1/cmr/m/n on input line 85.
LaTeX Font Info:    ... okay on input line 85.
LaTeX Font Info:    Checking defaults for OMS/cmsy/m/n on input line 85.
LaTeX Font Info:    ... okay on input line 85.
LaTeX Font Info:    Checking defaults for OMX/cmex/m/n on input line 85.
LaTeX Font Info:    ... okay on input line 85.
LaTeX Font Info:    Checking defaults for U/cmr/m/n on input line 85.
LaTeX Font Info:    ... okay on input line 85.
LaTeX Font Info:    Checking defaults for OT2/cmr/m/n on input line 85.
LaTeX Font Info:    Try loading font information for OT2+cmr on input line 85.

(/afs/tu-chemnitz.de/global/capp/TeXLive-2013/texmf-dist/tex/latex/cyrillic/ot2
cmr.fd
File: ot2cmr.fd 2001/08/11 v3.2c Computer Modern Cyrillic font definitions
)
LaTeX Font Info:    ... okay on input line 85.
LaTeX Font Info:    Checking defaults for TS1/cmr/m/n on input line 85.
LaTeX Font Info:    Try loading font information for TS1+cmr on input line 85.

(/afs/tu-chemnitz.de/global/capp/TeXLive-2013/texmf-dist/tex/latex/base/ts1cmr.
fd
File: ts1cmr.fd 1999/05/25 v2.5h Standard LaTeX font definitions
)
LaTeX Font Info:    ... okay on input line 85.
LaTeX Font Info:    Checking defaults for PD1/pdf/m/n on input line 85.
LaTeX Font Info:    ... okay on input line 85.
LaTeX Font Info:    Try loading font information for T1+lmr on input line 85.

(/afs/tu-chemnitz.de/global/capp/TeXLive-2013/texmf-dist/tex/latex/lm/t1lmr.fd
File: t1lmr.fd 2009/10/30 v1.6 Font defs for Latin Modern
)
(/afs/tu-chemnitz.de/global/capp/TeXLive-2013/texmf-dist/tex/context/base/supp-
pdf.mkii
[Loading MPS to PDF converter (version 2006.09.02).]
\scratchcounter=\count185
\scratchdimen=\dimen228
\scratchbox=\box74
\nofMPsegments=\count186
\nofMParguments=\count187
\everyMPshowfont=\toks50
\MPscratchCnt=\count188
\MPscratchDim=\dimen229
\MPnumerator=\count189
\makeMPintoPDFobject=\count190
\everyMPtoPDFconversion=\toks51
)
(/afs/tu-chemnitz.de/global/capp/TeXLive-2013/texmf-dist/tex/latex/oberdiek/eps
topdf-base.sty
Package: epstopdf-base 2010/02/09 v2.5 Base part for package epstopdf

(/afs/tu-chemnitz.de/global/capp/TeXLive-2013/texmf-dist/tex/latex/oberdiek/grf
ext.sty
Package: grfext 2010/08/19 v1.1 Manage graphics extensions (HO)
)
Package grfext Info: Graphics extension search list:
(grfext)             [.png,.pdf,.jpg,.mps,.jpeg,.jbig2,.jb2,.PNG,.PDF,.JPG,.JPE
G,.JBIG2,.JB2,.eps]
(grfext)             \AppendGraphicsExtensions on input line 452.

(/afs/tu-chemnitz.de/global/capp/TeXLive-2013/texmf-dist/tex/latex/latexconfig/
epstopdf-sys.cfg
File: epstopdf-sys.cfg 2010/07/13 v1.3 Configuration of (r)epstopdf for TeX Liv
e
))
\c@lstlisting=\count191
\AtBeginShipoutBox=\box75
Package hyperref Info: Link coloring ON on input line 85.

(/afs/tu-chemnitz.de/global/capp/TeXLive-2013/texmf-dist/tex/latex/hyperref/nam
eref.sty
Package: nameref 2012/10/27 v2.43 Cross-referencing by name of section

(/afs/tu-chemnitz.de/global/capp/TeXLive-2013/texmf-dist/tex/generic/oberdiek/g
ettitlestring.sty
Package: gettitlestring 2010/12/03 v1.4 Cleanup title references (HO)
)
\c@section@level=\count192
)
LaTeX Info: Redefining \ref on input line 85.
LaTeX Info: Redefining \pageref on input line 85.
LaTeX Info: Redefining \nameref on input line 85.
 (./ba.out) (./ba.out)
\@outlinefile=\write4
\openout4 = `ba.out'.

Package caption Info: Begin \AtBeginDocument code.
Package caption Info: subfig package v1.3 is loaded.
Package caption Info: End \AtBeginDocument code.

ABD: EveryShipout initializing macros

Package pgfplots Warning: running in backwards compatibility mode (unsuitable t
ick labels; missing features). Consider writing \pgfplotsset{compat=1.10} into 
your preamble.
 on input line 85.

(./inhalt/titel.tex
Package epstopdf Info: Source file: <figures/TU_Chemnitz_positiv_gruen.eps>
(epstopdf)                    date: 2014-04-30 15:17:18
(epstopdf)                    size: 353734 bytes
(epstopdf)             Output file: <figures/TU_Chemnitz_positiv_gruen-eps-conv
erted-to.pdf>
(epstopdf)                    date: 2015-06-02 13:37:04
(epstopdf)                    size: 20887 bytes
(epstopdf)             Command: <repstopdf --outfile=figures/TU_Chemnitz_positi
v_gruen-eps-converted-to.pdf figures/TU_Chemnitz_positiv_gruen.eps>
(epstopdf)             \includegraphics on input line 6.
Package epstopdf Info: Output file is already uptodate.

<figures/TU_Chemnitz_positiv_gruen-eps-converted-to.pdf, id=103, 203.76125pt x 
133.49875pt>
File: figures/TU_Chemnitz_positiv_gruen-eps-converted-to.pdf Graphic file (type
 pdf)
 <use figures/TU_Chemnitz_positiv_gruen-eps-converted-to.pdf>
Package pdftex.def Info: figures/TU_Chemnitz_positiv_gruen-eps-converted-to.pdf
 used on input line 6.
(pdftex.def)             Requested size: 285.2638pt x 186.89694pt.
LaTeX Font Info:    Try loading font information for T1+lmss on input line 9.

(/afs/tu-chemnitz.de/global/capp/TeXLive-2013/texmf-dist/tex/latex/lm/t1lmss.fd
File: t1lmss.fd 2009/10/30 v1.6 Font defs for Latin Modern
)
LaTeX Font Info:    Try loading font information for OT1+lmr on input line 42.

(/afs/tu-chemnitz.de/global/capp/TeXLive-2013/texmf-dist/tex/latex/lm/ot1lmr.fd
File: ot1lmr.fd 2009/10/30 v1.6 Font defs for Latin Modern
)
LaTeX Font Info:    Try loading font information for OML+lmm on input line 42.

(/afs/tu-chemnitz.de/global/capp/TeXLive-2013/texmf-dist/tex/latex/lm/omllmm.fd
File: omllmm.fd 2009/10/30 v1.6 Font defs for Latin Modern
)
LaTeX Font Info:    Try loading font information for OMS+lmsy on input line 42.


(/afs/tu-chemnitz.de/global/capp/TeXLive-2013/texmf-dist/tex/latex/lm/omslmsy.f
d
File: omslmsy.fd 2009/10/30 v1.6 Font defs for Latin Modern
)
LaTeX Font Info:    External font `cmex7' loaded for size
(Font)              <6> on input line 42.
LaTeX Font Info:    Try loading font information for U+msa on input line 42.

(/afs/tu-chemnitz.de/global/capp/TeXLive-2013/texmf-dist/tex/latex/amsfonts/ums
a.fd
File: umsa.fd 2013/01/14 v3.01 AMS symbols A
)
LaTeX Font Info:    Try loading font information for U+msb on input line 42.

(/afs/tu-chemnitz.de/global/capp/TeXLive-2013/texmf-dist/tex/latex/amsfonts/ums
b.fd
File: umsb.fd 2013/01/14 v3.01 AMS symbols B
)) [1

{/afs/tu-chemnitz.de/global/capp/TeXLive-2013/texmf-var/fonts/map/pdftex/updmap
/pdftex.map} <./figures/TU_Chemnitz_positiv_gruen-eps-converted-to.pdf>] [2


] (./inhalt/aufgabenstellung.tex) [3


] [4


] (./ba.toc)
\tf@toc=\write5
\openout5 = `ba.toc'.

 [5


] [6


] (./ba.tdo)
\tf@tdo=\write6
\openout6 = `ba.tdo'.


[7] [8


]
Kapitel 1.
(./inhalt/einleitung.tex
Package hyperref Info: bookmark level for unknown todo defaults to 0 on input l
ine 1.
) [1


] [2


]
Kapitel 2.
(./inhalt/anforderungen.tex) [3] [4


]
Kapitel 3.
(./inhalt/grundlagen.tex) [5] [6


]
Kapitel 4.
(./inhalt/rest-api.tex) [7] [8


]
Kapitel 5.
(./inhalt/webfrontend.tex) [9] [10


]
Kapitel 6.
(./inhalt/bewertung.tex) (./ba.bbl [11] [12


]
LaTeX Font Info:    Try loading font information for T1+lmtt on input line 13.

(/afs/tu-chemnitz.de/global/capp/TeXLive-2013/texmf-dist/tex/latex/lm/t1lmtt.fd
File: t1lmtt.fd 2009/10/30 v1.6 Font defs for Latin Modern
)
Underfull \hbox (badness 10000) in paragraph at lines 16--25
[][]$\T1/lmtt/m/n/10.95 http : / / web . cs . swarthmore . edu / ~meeden / Deve
lopmentalRobotics / fritzke95 .
 []

) [13]
Package atveryend Info: Empty hook `BeforeClearDocument' on input line 136.
Package atveryend Info: Empty hook `AfterLastShipout' on input line 136.
 (./ba.aux)
Package atveryend Info: Executing hook `AtVeryEndDocument' on input line 136.
Package atveryend Info: Executing hook `AtEndAfterFileList' on input line 136.
Package rerunfilecheck Info: File `ba.out' has not changed.
(rerunfilecheck)             Checksum: E06CF6612347E7CBA78131E4CBDB99D8;1400.
Package atveryend Info: Empty hook `AtVeryVeryEnd' on input line 136.
 ) 
Here is how much of TeX's memory you used:
 32282 strings out of 493308
 723770 string characters out of 6128498
 851388 words of memory out of 5000000
 34983 multiletter control sequences out of 15000+600000
 71726 words of font info for 53 fonts, out of 8000000 for 9000
 957 hyphenation exceptions out of 8191
 55i,7n,80p,719b,614s stack positions out of 5000i,500n,10000p,200000b,80000s
{/afs/tu-chemnitz.de/global/capp/TeXLive-2013/texmf-dist/fonts/enc/dvips/lm/l
m-ec.enc}</afs/tu-chemnitz.de/global/capp/TeXLive-2013/texmf-dist/fonts/type1/p
ublic/lm/lmbx10.pfb></afs/tu-chemnitz.de/global/capp/TeXLive-2013/texmf-dist/fo
nts/type1/public/lm/lmbx12.pfb></afs/tu-chemnitz.de/global/capp/TeXLive-2013/te
xmf-dist/fonts/type1/public/lm/lmcsc10.pfb></afs/tu-chemnitz.de/global/capp/TeX
Live-2013/texmf-dist/fonts/type1/public/lm/lmr10.pfb></afs/tu-chemnitz.de/globa
l/capp/TeXLive-2013/texmf-dist/fonts/type1/public/lm/lmr12.pfb></afs/tu-chemnit
z.de/global/capp/TeXLive-2013/texmf-dist/fonts/type1/public/lm/lmri10.pfb></afs
/tu-chemnitz.de/global/capp/TeXLive-2013/texmf-dist/fonts/type1/public/lm/lmss1
2.pfb></afs/tu-chemnitz.de/global/capp/TeXLive-2013/texmf-dist/fonts/type1/publ
ic/lm/lmss17.pfb></afs/tu-chemnitz.de/global/capp/TeXLive-2013/texmf-dist/fonts
/type1/public/lm/lmssbx10.pfb></afs/tu-chemnitz.de/global/capp/TeXLive-2013/tex
mf-dist/fonts/type1/public/lm/lmtt10.pfb>
Output written on ba.pdf (21 pages, 264980 bytes).
PDF statistics:
 327 PDF objects out of 1000 (max. 8388607)
 290 compressed objects within 3 object streams
 70 named destinations out of 1000 (max. 500000)
 210 words of extra memory for PDF output out of 10000 (max. 10000000)

